[33mWARNING[0m:  [06-04-2024 00:38:31] chroma_server_nofile is not supported on Windows. chroma_server_nofile will not be set.
[32mINFO[0m:     [06-04-2024 00:38:31] Anonymized telemetry enabled. See                     https://docs.trychroma.com/telemetry for more information.
[36mDEBUG[0m:    [06-04-2024 00:38:31] Starting component System
[36mDEBUG[0m:    [06-04-2024 00:38:31] Starting component OpenTelemetryClient
[36mDEBUG[0m:    [06-04-2024 00:38:31] Starting component SimpleAssignmentPolicy
[36mDEBUG[0m:    [06-04-2024 00:38:31] Starting component SqliteDB
[36mDEBUG[0m:    [06-04-2024 00:38:31] Starting component QuotaEnforcer
[36mDEBUG[0m:    [06-04-2024 00:38:31] Starting component Posthog
[36mDEBUG[0m:    [06-04-2024 00:38:31] Starting component LocalSegmentManager
[36mDEBUG[0m:    [06-04-2024 00:38:31] Starting component SegmentAPI
[32mINFO[0m:     [06-04-2024 00:38:32] Started server process [[36m18984[0m]
[32mINFO[0m:     [06-04-2024 00:38:32] Waiting for application startup.
[32mINFO[0m:     [06-04-2024 00:38:32] Application startup complete.
[32mINFO[0m:     [06-04-2024 00:38:32] Uvicorn running on [1mhttp://localhost:8000[0m (Press CTRL+C to quit)
[32mINFO[0m:     [06-04-2024 00:38:40] ::1:50149 - "GET / HTTP/1.1" 404
[32mINFO[0m:     [06-04-2024 00:39:34] ::1:50148 - "GET /docs HTTP/1.1" 200
[32mINFO[0m:     [06-04-2024 00:39:35] ::1:50148 - "GET /openapi.json HTTP/1.1" 200
[32mINFO[0m:     [06-04-2024 00:40:15] ::1:50162 - "GET /api/v1 HTTP/1.1" 200
[32mINFO[0m:     [06-04-2024 00:40:20] ::1:50162 - "GET /api/v1 HTTP/1.1" 200
[32mINFO[0m:     [06-04-2024 00:40:31] ::1:50162 - "GET /docs HTTP/1.1" 200
[32mINFO[0m:     [06-04-2024 00:40:32] ::1:50162 - "GET /openapi.json HTTP/1.1" 200
[32mINFO[0m:     [06-04-2024 00:41:08] ::1:50173 - "GET /api/v1/heartbeat HTTP/1.1" 200
[32mINFO[0m:     [06-04-2024 00:41:15] ::1:50173 - "GET /api/v1 HTTP/1.1" 200
[32mINFO[0m:     [06-04-2024 00:51:52] 127.0.0.1:50291 - "GET /api/v1 HTTP/1.1" 200
[33mWARNING[0m:  [07-04-2024 11:52:24] chroma_server_nofile is not supported on Windows. chroma_server_nofile will not be set.
[32mINFO[0m:     [07-04-2024 11:52:25] Anonymized telemetry enabled. See                     https://docs.trychroma.com/telemetry for more information.
[36mDEBUG[0m:    [07-04-2024 11:52:25] Starting component System
[36mDEBUG[0m:    [07-04-2024 11:52:25] Starting component OpenTelemetryClient
[36mDEBUG[0m:    [07-04-2024 11:52:25] Starting component SimpleAssignmentPolicy
[36mDEBUG[0m:    [07-04-2024 11:52:25] Starting component SqliteDB
[36mDEBUG[0m:    [07-04-2024 11:52:25] Starting component QuotaEnforcer
[36mDEBUG[0m:    [07-04-2024 11:52:25] Starting component Posthog
[36mDEBUG[0m:    [07-04-2024 11:52:25] Starting component LocalSegmentManager
[36mDEBUG[0m:    [07-04-2024 11:52:25] Starting component SegmentAPI
[32mINFO[0m:     [07-04-2024 11:52:25] Started server process [[36m24936[0m]
[32mINFO[0m:     [07-04-2024 11:52:25] Waiting for application startup.
[32mINFO[0m:     [07-04-2024 11:52:25] Application startup complete.
[32mINFO[0m:     [07-04-2024 11:52:25] Uvicorn running on [1mhttp://localhost:8000[0m (Press CTRL+C to quit)
[33mWARNING[0m:  [08-04-2024 06:47:34] chroma_server_nofile is not supported on Windows. chroma_server_nofile will not be set.
[32mINFO[0m:     [08-04-2024 06:47:34] Anonymized telemetry enabled. See                     https://docs.trychroma.com/telemetry for more information.
[36mDEBUG[0m:    [08-04-2024 06:47:34] Starting component System
[36mDEBUG[0m:    [08-04-2024 06:47:34] Starting component OpenTelemetryClient
[36mDEBUG[0m:    [08-04-2024 06:47:34] Starting component SimpleAssignmentPolicy
[36mDEBUG[0m:    [08-04-2024 06:47:34] Starting component SqliteDB
[36mDEBUG[0m:    [08-04-2024 06:47:34] Starting component QuotaEnforcer
[36mDEBUG[0m:    [08-04-2024 06:47:34] Starting component Posthog
[36mDEBUG[0m:    [08-04-2024 06:47:34] Starting component LocalSegmentManager
[36mDEBUG[0m:    [08-04-2024 06:47:34] Starting component SegmentAPI
[32mINFO[0m:     [08-04-2024 06:47:34] Started server process [[36m34216[0m]
[32mINFO[0m:     [08-04-2024 06:47:34] Waiting for application startup.
[32mINFO[0m:     [08-04-2024 06:47:34] Application startup complete.
[32mINFO[0m:     [08-04-2024 06:47:34] Uvicorn running on [1mhttp://localhost:8000[0m (Press CTRL+C to quit)
[32mINFO[0m:     [08-04-2024 06:48:46] 127.0.0.1:57185 - "GET /api/v1 HTTP/1.1" 200
[32mINFO[0m:     [08-04-2024 07:15:52] Shutting down
[32mINFO[0m:     [08-04-2024 07:15:52] Waiting for application shutdown.
[36mDEBUG[0m:    [08-04-2024 07:15:52] Stopping component System
[36mDEBUG[0m:    [08-04-2024 07:15:52] Stopping component SegmentAPI
[36mDEBUG[0m:    [08-04-2024 07:15:52] Stopping component LocalSegmentManager
[36mDEBUG[0m:    [08-04-2024 07:15:52] Stopping component Posthog
[36mDEBUG[0m:    [08-04-2024 07:15:52] Stopping component QuotaEnforcer
[36mDEBUG[0m:    [08-04-2024 07:15:52] Stopping component SqliteDB
[36mDEBUG[0m:    [08-04-2024 07:15:52] Stopping component SimpleAssignmentPolicy
[36mDEBUG[0m:    [08-04-2024 07:15:52] Stopping component OpenTelemetryClient
[32mINFO[0m:     [08-04-2024 07:15:52] Application shutdown complete.
[32mINFO[0m:     [08-04-2024 07:15:52] Finished server process [[36m34216[0m]
[33mWARNING[0m:  [08-04-2024 07:17:47] chroma_server_nofile is not supported on Windows. chroma_server_nofile will not be set.
[32mINFO[0m:     [08-04-2024 07:17:47] Anonymized telemetry enabled. See                     https://docs.trychroma.com/telemetry for more information.
[36mDEBUG[0m:    [08-04-2024 07:17:47] Starting component System
[36mDEBUG[0m:    [08-04-2024 07:17:47] Starting component OpenTelemetryClient
[36mDEBUG[0m:    [08-04-2024 07:17:47] Starting component SimpleAssignmentPolicy
[36mDEBUG[0m:    [08-04-2024 07:17:47] Starting component SqliteDB
[36mDEBUG[0m:    [08-04-2024 07:17:47] Starting component QuotaEnforcer
[36mDEBUG[0m:    [08-04-2024 07:17:47] Starting component Posthog
[36mDEBUG[0m:    [08-04-2024 07:17:47] Starting component LocalSegmentManager
[36mDEBUG[0m:    [08-04-2024 07:17:47] Starting component SegmentAPI
[32mINFO[0m:     [08-04-2024 07:17:47] Started server process [[36m28824[0m]
[32mINFO[0m:     [08-04-2024 07:17:47] Waiting for application startup.
[32mINFO[0m:     [08-04-2024 07:17:47] Application startup complete.
[32mINFO[0m:     [08-04-2024 07:17:47] Uvicorn running on [1mhttp://localhost:8000[0m (Press CTRL+C to quit)
[32mINFO[0m:     [08-04-2024 07:20:31] 127.0.0.1:57418 - "GET /api/v1 HTTP/1.1" 200
[33mWARNING[0m:  [08-04-2024 07:22:43] chroma_server_nofile is not supported on Windows. chroma_server_nofile will not be set.
[32mINFO[0m:     [08-04-2024 07:22:43] Anonymized telemetry enabled. See                     https://docs.trychroma.com/telemetry for more information.
[36mDEBUG[0m:    [08-04-2024 07:22:43] Starting component System
[36mDEBUG[0m:    [08-04-2024 07:22:43] Starting component OpenTelemetryClient
[36mDEBUG[0m:    [08-04-2024 07:22:43] Starting component SimpleAssignmentPolicy
[36mDEBUG[0m:    [08-04-2024 07:22:43] Starting component SqliteDB
[36mDEBUG[0m:    [08-04-2024 07:22:43] Starting component QuotaEnforcer
[36mDEBUG[0m:    [08-04-2024 07:22:43] Starting component Posthog
[36mDEBUG[0m:    [08-04-2024 07:22:43] Starting component LocalSegmentManager
[36mDEBUG[0m:    [08-04-2024 07:22:43] Starting component SegmentAPI
[32mINFO[0m:     [08-04-2024 07:22:43] Started server process [[36m27124[0m]
[32mINFO[0m:     [08-04-2024 07:22:43] Waiting for application startup.
[32mINFO[0m:     [08-04-2024 07:22:43] Application startup complete.
[32mINFO[0m:     [08-04-2024 07:22:43] Uvicorn running on [1mhttp://localhost:8000[0m (Press CTRL+C to quit)
[32mINFO[0m:     [08-04-2024 07:22:53] 127.0.0.1:57443 - "GET /api/v1 HTTP/1.1" 200
[32mINFO[0m:     [08-04-2024 07:24:05] Shutting down
[32mINFO[0m:     [08-04-2024 07:24:05] Finished server process [[36m27124[0m]
[36mDEBUG[0m:    [08-04-2024 07:24:05] Stopping component System
[36mDEBUG[0m:    [08-04-2024 07:24:05] Stopping component SegmentAPI
[36mDEBUG[0m:    [08-04-2024 07:24:05] Stopping component LocalSegmentManager
[36mDEBUG[0m:    [08-04-2024 07:24:05] Stopping component Posthog
[36mDEBUG[0m:    [08-04-2024 07:24:05] Stopping component QuotaEnforcer
[36mDEBUG[0m:    [08-04-2024 07:24:05] Stopping component SqliteDB
[36mDEBUG[0m:    [08-04-2024 07:24:05] Stopping component SimpleAssignmentPolicy
[36mDEBUG[0m:    [08-04-2024 07:24:05] Stopping component OpenTelemetryClient
[31mERROR[0m:    [08-04-2024 07:24:05] Traceback (most recent call last):
  File "C:\Python312\Lib\asyncio\runners.py", line 194, in run
    return runner.run(main)
           ^^^^^^^^^^^^^^^^
  File "C:\Python312\Lib\asyncio\runners.py", line 118, in run
    return self._loop.run_until_complete(task)
           ^^^^^^^^^^^^^^^^^^^^^^^^^^^^^^^^^^^
  File "C:\Python312\Lib\asyncio\base_events.py", line 672, in run_until_complete
    self.run_forever()
  File "C:\Python312\Lib\asyncio\windows_events.py", line 321, in run_forever
    super().run_forever()
  File "C:\Python312\Lib\asyncio\base_events.py", line 639, in run_forever
    self._run_once()
  File "C:\Python312\Lib\asyncio\base_events.py", line 1985, in _run_once
    handle._run()
  File "C:\Python312\Lib\asyncio\events.py", line 88, in _run
    self._context.run(self._callback, *self._args)
  File "C:\Python312\Lib\site-packages\uvicorn\server.py", line 68, in serve
    with self.capture_signals():
  File "C:\Python312\Lib\contextlib.py", line 144, in __exit__
    next(self.gen)
  File "C:\Python312\Lib\site-packages\uvicorn\server.py", line 328, in capture_signals
    signal.raise_signal(captured_signal)
  File "C:\Python312\Lib\asyncio\runners.py", line 157, in _on_sigint
    raise KeyboardInterrupt()
KeyboardInterrupt

During handling of the above exception, another exception occurred:

Traceback (most recent call last):
  File "C:\Python312\Lib\site-packages\starlette\routing.py", line 743, in lifespan
    await receive()
  File "C:\Python312\Lib\site-packages\uvicorn\lifespan\on.py", line 137, in receive
    return await self.receive_queue.get()
           ^^^^^^^^^^^^^^^^^^^^^^^^^^^^^^
  File "C:\Python312\Lib\asyncio\queues.py", line 158, in get
    await getter
asyncio.exceptions.CancelledError

[33mWARNING[0m:  [08-04-2024 07:29:06] chroma_server_nofile is not supported on Windows. chroma_server_nofile will not be set.
[32mINFO[0m:     [08-04-2024 07:29:07] Anonymized telemetry enabled. See                     https://docs.trychroma.com/telemetry for more information.
[36mDEBUG[0m:    [08-04-2024 07:29:07] Starting component System
[36mDEBUG[0m:    [08-04-2024 07:29:07] Starting component OpenTelemetryClient
[36mDEBUG[0m:    [08-04-2024 07:29:07] Starting component SimpleAssignmentPolicy
[36mDEBUG[0m:    [08-04-2024 07:29:07] Starting component SqliteDB
[36mDEBUG[0m:    [08-04-2024 07:29:07] Starting component QuotaEnforcer
[36mDEBUG[0m:    [08-04-2024 07:29:07] Starting component Posthog
[36mDEBUG[0m:    [08-04-2024 07:29:07] Starting component LocalSegmentManager
[36mDEBUG[0m:    [08-04-2024 07:29:07] Starting component SegmentAPI
[32mINFO[0m:     [08-04-2024 07:29:07] Started server process [[36m28620[0m]
[32mINFO[0m:     [08-04-2024 07:29:07] Waiting for application startup.
[32mINFO[0m:     [08-04-2024 07:29:07] Application startup complete.
[32mINFO[0m:     [08-04-2024 07:29:07] Uvicorn running on [1mhttp://localhost:8000[0m (Press CTRL+C to quit)
[32mINFO[0m:     [08-04-2024 07:29:14] 127.0.0.1:57476 - "GET /api/v1 HTTP/1.1" 200
[32mINFO[0m:     [08-04-2024 07:34:49] Shutting down
[32mINFO[0m:     [08-04-2024 07:34:49] Finished server process [[36m28620[0m]
[36mDEBUG[0m:    [08-04-2024 07:34:49] Stopping component System
[36mDEBUG[0m:    [08-04-2024 07:34:49] Stopping component SegmentAPI
[36mDEBUG[0m:    [08-04-2024 07:34:49] Stopping component LocalSegmentManager
[36mDEBUG[0m:    [08-04-2024 07:34:49] Stopping component Posthog
[36mDEBUG[0m:    [08-04-2024 07:34:49] Stopping component QuotaEnforcer
[36mDEBUG[0m:    [08-04-2024 07:34:49] Stopping component SqliteDB
[36mDEBUG[0m:    [08-04-2024 07:34:49] Stopping component SimpleAssignmentPolicy
[36mDEBUG[0m:    [08-04-2024 07:34:49] Stopping component OpenTelemetryClient
[31mERROR[0m:    [08-04-2024 07:34:49] Traceback (most recent call last):
  File "C:\Python312\Lib\asyncio\runners.py", line 194, in run
    return runner.run(main)
           ^^^^^^^^^^^^^^^^
  File "C:\Python312\Lib\asyncio\runners.py", line 118, in run
    return self._loop.run_until_complete(task)
           ^^^^^^^^^^^^^^^^^^^^^^^^^^^^^^^^^^^
  File "C:\Python312\Lib\asyncio\base_events.py", line 672, in run_until_complete
    self.run_forever()
  File "C:\Python312\Lib\asyncio\windows_events.py", line 321, in run_forever
    super().run_forever()
  File "C:\Python312\Lib\asyncio\base_events.py", line 639, in run_forever
    self._run_once()
  File "C:\Python312\Lib\asyncio\base_events.py", line 1985, in _run_once
    handle._run()
  File "C:\Python312\Lib\asyncio\events.py", line 88, in _run
    self._context.run(self._callback, *self._args)
  File "C:\Python312\Lib\site-packages\uvicorn\server.py", line 68, in serve
    with self.capture_signals():
  File "C:\Python312\Lib\contextlib.py", line 144, in __exit__
    next(self.gen)
  File "C:\Python312\Lib\site-packages\uvicorn\server.py", line 328, in capture_signals
    signal.raise_signal(captured_signal)
  File "C:\Python312\Lib\asyncio\runners.py", line 157, in _on_sigint
    raise KeyboardInterrupt()
KeyboardInterrupt

During handling of the above exception, another exception occurred:

Traceback (most recent call last):
  File "C:\Python312\Lib\site-packages\starlette\routing.py", line 743, in lifespan
    await receive()
  File "C:\Python312\Lib\site-packages\uvicorn\lifespan\on.py", line 137, in receive
    return await self.receive_queue.get()
           ^^^^^^^^^^^^^^^^^^^^^^^^^^^^^^
  File "C:\Python312\Lib\asyncio\queues.py", line 158, in get
    await getter
asyncio.exceptions.CancelledError

[33mWARNING[0m:  [08-04-2024 07:48:07] chroma_server_nofile is not supported on Windows. chroma_server_nofile will not be set.
[32mINFO[0m:     [08-04-2024 07:48:07] Anonymized telemetry enabled. See                     https://docs.trychroma.com/telemetry for more information.
[36mDEBUG[0m:    [08-04-2024 07:48:07] Starting component System
[36mDEBUG[0m:    [08-04-2024 07:48:07] Starting component OpenTelemetryClient
[36mDEBUG[0m:    [08-04-2024 07:48:07] Starting component SimpleAssignmentPolicy
[36mDEBUG[0m:    [08-04-2024 07:48:07] Starting component SqliteDB
[36mDEBUG[0m:    [08-04-2024 07:48:07] Starting component QuotaEnforcer
[36mDEBUG[0m:    [08-04-2024 07:48:07] Starting component Posthog
[36mDEBUG[0m:    [08-04-2024 07:48:07] Starting component LocalSegmentManager
[36mDEBUG[0m:    [08-04-2024 07:48:07] Starting component SegmentAPI
[32mINFO[0m:     [08-04-2024 07:48:07] Started server process [[36m11592[0m]
[32mINFO[0m:     [08-04-2024 07:48:07] Waiting for application startup.
[32mINFO[0m:     [08-04-2024 07:48:07] Application startup complete.
[32mINFO[0m:     [08-04-2024 07:48:07] Uvicorn running on [1mhttp://localhost:8000[0m (Press CTRL+C to quit)
[32mINFO[0m:     [08-04-2024 07:48:14] 127.0.0.1:57580 - "GET /api/v1 HTTP/1.1" 200
[32mINFO[0m:     [08-04-2024 07:49:30] 127.0.0.1:57589 - "GET /api/v1 HTTP/1.1" 200
[32mINFO[0m:     [08-04-2024 07:52:55] 127.0.0.1:57602 - "GET /api/v1 HTTP/1.1" 200
[32mINFO[0m:     [08-04-2024 07:55:04] 127.0.0.1:57621 - "GET /api/v1 HTTP/1.1" 200
[32mINFO[0m:     [08-04-2024 07:57:34] 127.0.0.1:57631 - "GET /api/v1 HTTP/1.1" 200
[33mWARNING[0m:  [08-04-2024 08:24:00] chroma_server_nofile is not supported on Windows. chroma_server_nofile will not be set.
[32mINFO[0m:     [08-04-2024 08:24:00] Anonymized telemetry enabled. See                     https://docs.trychroma.com/telemetry for more information.
[36mDEBUG[0m:    [08-04-2024 08:24:00] Starting component System
[36mDEBUG[0m:    [08-04-2024 08:24:00] Starting component OpenTelemetryClient
[36mDEBUG[0m:    [08-04-2024 08:24:00] Starting component SimpleAssignmentPolicy
[36mDEBUG[0m:    [08-04-2024 08:24:00] Starting component SqliteDB
[36mDEBUG[0m:    [08-04-2024 08:24:00] Starting component QuotaEnforcer
[36mDEBUG[0m:    [08-04-2024 08:24:00] Starting component Posthog
[36mDEBUG[0m:    [08-04-2024 08:24:00] Starting component LocalSegmentManager
[36mDEBUG[0m:    [08-04-2024 08:24:00] Starting component SegmentAPI
[32mINFO[0m:     [08-04-2024 08:24:00] Started server process [[36m32924[0m]
[32mINFO[0m:     [08-04-2024 08:24:00] Waiting for application startup.
[32mINFO[0m:     [08-04-2024 08:24:00] Application startup complete.
[32mINFO[0m:     [08-04-2024 08:24:00] Uvicorn running on [1mhttp://localhost:8000[0m (Press CTRL+C to quit)
[32mINFO[0m:     [08-04-2024 08:24:05] 127.0.0.1:57811 - "GET /api/v1 HTTP/1.1" 200
[33mWARNING[0m:  [08-04-2024 08:34:08] chroma_server_nofile is not supported on Windows. chroma_server_nofile will not be set.
[32mINFO[0m:     [08-04-2024 08:34:08] Anonymized telemetry enabled. See                     https://docs.trychroma.com/telemetry for more information.
[36mDEBUG[0m:    [08-04-2024 08:34:08] Starting component System
[36mDEBUG[0m:    [08-04-2024 08:34:08] Starting component OpenTelemetryClient
[36mDEBUG[0m:    [08-04-2024 08:34:08] Starting component SimpleAssignmentPolicy
[36mDEBUG[0m:    [08-04-2024 08:34:08] Starting component SqliteDB
[36mDEBUG[0m:    [08-04-2024 08:34:08] Starting component QuotaEnforcer
[36mDEBUG[0m:    [08-04-2024 08:34:08] Starting component Posthog
[36mDEBUG[0m:    [08-04-2024 08:34:08] Starting component LocalSegmentManager
[36mDEBUG[0m:    [08-04-2024 08:34:08] Starting component SegmentAPI
[32mINFO[0m:     [08-04-2024 08:34:08] Started server process [[36m23912[0m]
[32mINFO[0m:     [08-04-2024 08:34:08] Waiting for application startup.
[32mINFO[0m:     [08-04-2024 08:34:08] Application startup complete.
[32mINFO[0m:     [08-04-2024 08:34:08] Uvicorn running on [1mhttp://localhost:8000[0m (Press CTRL+C to quit)
[32mINFO[0m:     [08-04-2024 08:34:16] 127.0.0.1:57961 - "GET /api/v1 HTTP/1.1" 200
[33mWARNING[0m:  [08-04-2024 09:20:21] chroma_server_nofile is not supported on Windows. chroma_server_nofile will not be set.
[32mINFO[0m:     [08-04-2024 09:20:21] Anonymized telemetry enabled. See                     https://docs.trychroma.com/telemetry for more information.
[36mDEBUG[0m:    [08-04-2024 09:20:21] Starting component System
[36mDEBUG[0m:    [08-04-2024 09:20:21] Starting component OpenTelemetryClient
[36mDEBUG[0m:    [08-04-2024 09:20:21] Starting component SimpleAssignmentPolicy
[36mDEBUG[0m:    [08-04-2024 09:20:21] Starting component SqliteDB
[36mDEBUG[0m:    [08-04-2024 09:20:21] Starting component QuotaEnforcer
[36mDEBUG[0m:    [08-04-2024 09:20:21] Starting component Posthog
[36mDEBUG[0m:    [08-04-2024 09:20:21] Starting component LocalSegmentManager
[36mDEBUG[0m:    [08-04-2024 09:20:21] Starting component SegmentAPI
[32mINFO[0m:     [08-04-2024 09:20:21] Started server process [[36m38712[0m]
[32mINFO[0m:     [08-04-2024 09:20:21] Waiting for application startup.
[32mINFO[0m:     [08-04-2024 09:20:21] Application startup complete.
[32mINFO[0m:     [08-04-2024 09:20:21] Uvicorn running on [1mhttp://localhost:8000[0m (Press CTRL+C to quit)
[32mINFO[0m:     [08-04-2024 09:20:29] 127.0.0.1:58143 - "GET /api/v1 HTTP/1.1" 200
[33mWARNING[0m:  [08-04-2024 09:21:41] chroma_server_nofile is not supported on Windows. chroma_server_nofile will not be set.
[32mINFO[0m:     [08-04-2024 09:21:41] Anonymized telemetry enabled. See                     https://docs.trychroma.com/telemetry for more information.
[36mDEBUG[0m:    [08-04-2024 09:21:41] Starting component System
[36mDEBUG[0m:    [08-04-2024 09:21:41] Starting component OpenTelemetryClient
[36mDEBUG[0m:    [08-04-2024 09:21:41] Starting component SimpleAssignmentPolicy
[36mDEBUG[0m:    [08-04-2024 09:21:41] Starting component SqliteDB
[36mDEBUG[0m:    [08-04-2024 09:21:41] Starting component QuotaEnforcer
[36mDEBUG[0m:    [08-04-2024 09:21:41] Starting component Posthog
[36mDEBUG[0m:    [08-04-2024 09:21:41] Starting component LocalSegmentManager
[36mDEBUG[0m:    [08-04-2024 09:21:41] Starting component SegmentAPI
[32mINFO[0m:     [08-04-2024 09:21:41] Started server process [[36m12448[0m]
[32mINFO[0m:     [08-04-2024 09:21:41] Waiting for application startup.
[32mINFO[0m:     [08-04-2024 09:21:41] Application startup complete.
[32mINFO[0m:     [08-04-2024 09:21:41] Uvicorn running on [1mhttp://localhost:8000[0m (Press CTRL+C to quit)
[32mINFO[0m:     [08-04-2024 09:21:49] 127.0.0.1:58178 - "GET /api/v1 HTTP/1.1" 200
[32mINFO[0m:     [08-04-2024 09:33:39] 127.0.0.1:60870 - "GET /api/v1 HTTP/1.1" 200
[32mINFO[0m:     [08-04-2024 09:39:49] 127.0.0.1:61406 - "GET /api/v1 HTTP/1.1" 200
[33mWARNING[0m:  [14-04-2024 00:15:29] chroma_server_nofile is not supported on Windows. chroma_server_nofile will not be set.
[32mINFO[0m:     [14-04-2024 00:15:29] Anonymized telemetry enabled. See                     https://docs.trychroma.com/telemetry for more information.
[36mDEBUG[0m:    [14-04-2024 00:15:29] Starting component System
[36mDEBUG[0m:    [14-04-2024 00:15:29] Starting component OpenTelemetryClient
[36mDEBUG[0m:    [14-04-2024 00:15:29] Starting component SimpleAssignmentPolicy
[36mDEBUG[0m:    [14-04-2024 00:15:29] Starting component SqliteDB
[36mDEBUG[0m:    [14-04-2024 00:15:29] Starting component QuotaEnforcer
[36mDEBUG[0m:    [14-04-2024 00:15:29] Starting component Posthog
[36mDEBUG[0m:    [14-04-2024 00:15:29] Starting component LocalSegmentManager
[36mDEBUG[0m:    [14-04-2024 00:15:29] Starting component SegmentAPI
[32mINFO[0m:     [14-04-2024 00:15:29] Started server process [[36m26080[0m]
[32mINFO[0m:     [14-04-2024 00:15:29] Waiting for application startup.
[32mINFO[0m:     [14-04-2024 00:15:29] Application startup complete.
[32mINFO[0m:     [14-04-2024 00:15:29] Uvicorn running on [1mhttp://localhost:8000[0m (Press CTRL+C to quit)
[32mINFO[0m:     [14-04-2024 00:15:41] 127.0.0.1:62269 - "GET /api/v1 HTTP/1.1" 200
[32mINFO[0m:     [14-04-2024 00:17:30] 127.0.0.1:62281 - "GET /api/v1 HTTP/1.1" 200
[32mINFO[0m:     [14-04-2024 00:23:59] 127.0.0.1:62313 - "GET /api/v1 HTTP/1.1" 200
[33mWARNING[0m:  [19-04-2024 00:21:50] chroma_server_nofile is not supported on Windows. chroma_server_nofile will not be set.
[32mINFO[0m:     [19-04-2024 00:21:51] Anonymized telemetry enabled. See                     https://docs.trychroma.com/telemetry for more information.
[36mDEBUG[0m:    [19-04-2024 00:21:51] Starting component System
[36mDEBUG[0m:    [19-04-2024 00:21:51] Starting component OpenTelemetryClient
[36mDEBUG[0m:    [19-04-2024 00:21:51] Starting component SimpleAssignmentPolicy
[36mDEBUG[0m:    [19-04-2024 00:21:51] Starting component SqliteDB
[36mDEBUG[0m:    [19-04-2024 00:21:51] Starting component QuotaEnforcer
[36mDEBUG[0m:    [19-04-2024 00:21:51] Starting component Posthog
[36mDEBUG[0m:    [19-04-2024 00:21:51] Starting component LocalSegmentManager
[36mDEBUG[0m:    [19-04-2024 00:21:51] Starting component SegmentAPI
[32mINFO[0m:     [19-04-2024 00:21:51] Started server process [[36m34240[0m]
[32mINFO[0m:     [19-04-2024 00:21:51] Waiting for application startup.
[32mINFO[0m:     [19-04-2024 00:21:51] Application startup complete.
[32mINFO[0m:     [19-04-2024 00:21:51] Uvicorn running on [1mhttp://localhost:8000[0m (Press CTRL+C to quit)
[32mINFO[0m:     [19-04-2024 00:22:00] 127.0.0.1:54967 - "GET /api/v1 HTTP/1.1" 200
[32mINFO[0m:     [19-04-2024 00:22:48] 127.0.0.1:54974 - "GET /api/v1 HTTP/1.1" 200
[32mINFO[0m:     [19-04-2024 00:50:18] 127.0.0.1:55201 - "GET /api/v1 HTTP/1.1" 200
[32mINFO[0m:     [19-04-2024 00:53:25] 127.0.0.1:55235 - "GET /api/v1 HTTP/1.1" 200
[32mINFO[0m:     [19-04-2024 01:11:27] 127.0.0.1:55367 - "GET /api/v1 HTTP/1.1" 200
[32mINFO[0m:     [19-04-2024 01:19:04] 127.0.0.1:55420 - "GET /api/v1 HTTP/1.1" 200
[32mINFO[0m:     [19-04-2024 01:21:43] 127.0.0.1:55465 - "GET /api/v1 HTTP/1.1" 200
