{"D:\\Users\\jammidee\\cgApps\\cgnodes\\72_Production\\laKubots\\src\\app.ts":{"path":"D:\\Users\\jammidee\\cgApps\\cgnodes\\72_Production\\laKubots\\src\\app.ts","statementMap":{"0":{"start":{"line":25,"column":22},"end":{"line":35,"column":3}},"1":{"start":{"line":26,"column":4},"end":{"line":26,"column":33}},"2":{"start":{"line":26,"column":26},"end":{"line":26,"column":33}},"3":{"start":{"line":27,"column":15},"end":{"line":27,"column":52}},"4":{"start":{"line":28,"column":4},"end":{"line":30,"column":5}},"5":{"start":{"line":29,"column":6},"end":{"line":29,"column":68}},"6":{"start":{"line":29,"column":51},"end":{"line":29,"column":63}},"7":{"start":{"line":31,"column":4},"end":{"line":31,"column":39}},"8":{"start":{"line":33,"column":4},"end":{"line":33,"column":33}},"9":{"start":{"line":33,"column":26},"end":{"line":33,"column":33}},"10":{"start":{"line":34,"column":4},"end":{"line":34,"column":17}},"11":{"start":{"line":36,"column":25},"end":{"line":40,"column":2}},"12":{"start":{"line":37,"column":4},"end":{"line":37,"column":72}},"13":{"start":{"line":39,"column":4},"end":{"line":39,"column":21}},"14":{"start":{"line":41,"column":19},"end":{"line":47,"column":1}},"15":{"start":{"line":42,"column":4},"end":{"line":42,"column":42}},"16":{"start":{"line":42,"column":31},"end":{"line":42,"column":42}},"17":{"start":{"line":43,"column":17},"end":{"line":43,"column":19}},"18":{"start":{"line":44,"column":4},"end":{"line":44,"column":141}},"19":{"start":{"line":44,"column":21},"end":{"line":44,"column":141}},"20":{"start":{"line":44,"column":40},"end":{"line":44,"column":141}},"21":{"start":{"line":44,"column":109},"end":{"line":44,"column":141}},"22":{"start":{"line":45,"column":4},"end":{"line":45,"column":36}},"23":{"start":{"line":46,"column":4},"end":{"line":46,"column":18}},"24":{"start":{"line":48,"column":22},"end":{"line":50,"column":1}},"25":{"start":{"line":49,"column":4},"end":{"line":49,"column":62}},"26":{"start":{"line":51,"column":0},"end":{"line":51,"column":62}},"27":{"start":{"line":52,"column":18},"end":{"line":52,"column":50}},"28":{"start":{"line":53,"column":15},"end":{"line":53,"column":47}},"29":{"start":{"line":54,"column":15},"end":{"line":54,"column":47}},"30":{"start":{"line":56,"column":22},"end":{"line":56,"column":75}},"31":{"start":{"line":58,"column":15},"end":{"line":58,"column":46}},"32":{"start":{"line":59,"column":0},"end":{"line":59,"column":16}},"33":{"start":{"line":60,"column":12},"end":{"line":60,"column":36}},"34":{"start":{"line":64,"column":0},"end":{"line":64,"column":31}},"35":{"start":{"line":65,"column":0},"end":{"line":65,"column":56}},"36":{"start":{"line":66,"column":0},"end":{"line":66,"column":31}},"37":{"start":{"line":71,"column":19},"end":{"line":71,"column":43}},"38":{"start":{"line":76,"column":0},"end":{"line":76,"column":30}},"39":{"start":{"line":78,"column":0},"end":{"line":78,"column":58}},"40":{"start":{"line":82,"column":23},"end":{"line":82,"column":76}},"41":{"start":{"line":83,"column":23},"end":{"line":83,"column":77}},"42":{"start":{"line":84,"column":0},"end":{"line":87,"column":5}},"43":{"start":{"line":85,"column":4},"end":{"line":85,"column":40}},"44":{"start":{"line":86,"column":4},"end":{"line":86,"column":40}},"45":{"start":{"line":91,"column":25},"end":{"line":91,"column":85}},"46":{"start":{"line":92,"column":21},"end":{"line":92,"column":73}},"47":{"start":{"line":93,"column":23},"end":{"line":93,"column":79}},"48":{"start":{"line":97,"column":0},"end":{"line":97,"column":54}},"49":{"start":{"line":98,"column":0},"end":{"line":98,"column":46}},"50":{"start":{"line":99,"column":0},"end":{"line":99,"column":50}},"51":{"start":{"line":100,"column":0},"end":{"line":100,"column":39}},"52":{"start":{"line":101,"column":0},"end":{"line":103,"column":3}},"53":{"start":{"line":102,"column":4},"end":{"line":102,"column":69}},"54":{"start":{"line":104,"column":0},"end":{"line":107,"column":3}},"55":{"start":{"line":105,"column":4},"end":{"line":105,"column":48}},"56":{"start":{"line":106,"column":4},"end":{"line":106,"column":82}},"57":{"start":{"line":108,"column":0},"end":{"line":110,"column":3}},"58":{"start":{"line":109,"column":4},"end":{"line":109,"column":59}},"59":{"start":{"line":111,"column":0},"end":{"line":111,"column":22}}},"fnMap":{"0":{"name":"(anonymous_0)","decl":{"start":{"line":25,"column":74},"end":{"line":25,"column":75}},"loc":{"start":{"line":25,"column":96},"end":{"line":32,"column":1}},"line":25},"1":{"name":"(anonymous_1)","decl":{"start":{"line":29,"column":38},"end":{"line":29,"column":39}},"loc":{"start":{"line":29,"column":49},"end":{"line":29,"column":65}},"line":29},"2":{"name":"(anonymous_2)","decl":{"start":{"line":32,"column":6},"end":{"line":32,"column":7}},"loc":{"start":{"line":32,"column":28},"end":{"line":35,"column":1}},"line":32},"3":{"name":"(anonymous_3)","decl":{"start":{"line":36,"column":80},"end":{"line":36,"column":81}},"loc":{"start":{"line":36,"column":95},"end":{"line":38,"column":1}},"line":36},"4":{"name":"(anonymous_4)","decl":{"start":{"line":38,"column":5},"end":{"line":38,"column":6}},"loc":{"start":{"line":38,"column":20},"end":{"line":40,"column":1}},"line":38},"5":{"name":"(anonymous_5)","decl":{"start":{"line":41,"column":50},"end":{"line":41,"column":51}},"loc":{"start":{"line":41,"column":65},"end":{"line":47,"column":1}},"line":41},"6":{"name":"(anonymous_6)","decl":{"start":{"line":48,"column":56},"end":{"line":48,"column":57}},"loc":{"start":{"line":48,"column":71},"end":{"line":50,"column":1}},"line":48},"7":{"name":"(anonymous_7)","decl":{"start":{"line":84,"column":1},"end":{"line":84,"column":2}},"loc":{"start":{"line":84,"column":13},"end":{"line":87,"column":1}},"line":84},"8":{"name":"(anonymous_8)","decl":{"start":{"line":101,"column":8},"end":{"line":101,"column":9}},"loc":{"start":{"line":101,"column":22},"end":{"line":103,"column":1}},"line":101},"9":{"name":"(anonymous_9)","decl":{"start":{"line":104,"column":13},"end":{"line":104,"column":14}},"loc":{"start":{"line":104,"column":27},"end":{"line":107,"column":1}},"line":104},"10":{"name":"(anonymous_10)","decl":{"start":{"line":108,"column":23},"end":{"line":108,"column":24}},"loc":{"start":{"line":108,"column":29},"end":{"line":110,"column":1}},"line":108}},"branchMap":{"0":{"loc":{"start":{"line":25,"column":22},"end":{"line":35,"column":3}},"type":"binary-expr","locations":[{"start":{"line":25,"column":23},"end":{"line":25,"column":27}},{"start":{"line":25,"column":31},"end":{"line":25,"column":51}},{"start":{"line":25,"column":57},"end":{"line":35,"column":2}}],"line":25},"1":{"loc":{"start":{"line":25,"column":57},"end":{"line":35,"column":2}},"type":"cond-expr","locations":[{"start":{"line":25,"column":74},"end":{"line":32,"column":1}},{"start":{"line":32,"column":6},"end":{"line":35,"column":1}}],"line":25},"2":{"loc":{"start":{"line":26,"column":4},"end":{"line":26,"column":33}},"type":"if","locations":[{"start":{"line":26,"column":4},"end":{"line":26,"column":33}},{"start":{"line":26,"column":4},"end":{"line":26,"column":33}}],"line":26},"3":{"loc":{"start":{"line":28,"column":4},"end":{"line":30,"column":5}},"type":"if","locations":[{"start":{"line":28,"column":4},"end":{"line":30,"column":5}},{"start":{"line":28,"column":4},"end":{"line":30,"column":5}}],"line":28},"4":{"loc":{"start":{"line":28,"column":8},"end":{"line":28,"column":85}},"type":"binary-expr","locations":[{"start":{"line":28,"column":8},"end":{"line":28,"column":13}},{"start":{"line":28,"column":18},"end":{"line":28,"column":84}}],"line":28},"5":{"loc":{"start":{"line":28,"column":18},"end":{"line":28,"column":84}},"type":"cond-expr","locations":[{"start":{"line":28,"column":34},"end":{"line":28,"column":47}},{"start":{"line":28,"column":50},"end":{"line":28,"column":84}}],"line":28},"6":{"loc":{"start":{"line":28,"column":50},"end":{"line":28,"column":84}},"type":"binary-expr","locations":[{"start":{"line":28,"column":50},"end":{"line":28,"column":63}},{"start":{"line":28,"column":67},"end":{"line":28,"column":84}}],"line":28},"7":{"loc":{"start":{"line":33,"column":4},"end":{"line":33,"column":33}},"type":"if","locations":[{"start":{"line":33,"column":4},"end":{"line":33,"column":33}},{"start":{"line":33,"column":4},"end":{"line":33,"column":33}}],"line":33},"8":{"loc":{"start":{"line":36,"column":25},"end":{"line":40,"column":2}},"type":"binary-expr","locations":[{"start":{"line":36,"column":26},"end":{"line":36,"column":30}},{"start":{"line":36,"column":34},"end":{"line":36,"column":57}},{"start":{"line":36,"column":63},"end":{"line":40,"column":1}}],"line":36},"9":{"loc":{"start":{"line":36,"column":63},"end":{"line":40,"column":1}},"type":"cond-expr","locations":[{"start":{"line":36,"column":80},"end":{"line":38,"column":1}},{"start":{"line":38,"column":5},"end":{"line":40,"column":1}}],"line":36},"10":{"loc":{"start":{"line":41,"column":19},"end":{"line":47,"column":1}},"type":"binary-expr","locations":[{"start":{"line":41,"column":20},"end":{"line":41,"column":24}},{"start":{"line":41,"column":28},"end":{"line":41,"column":45}},{"start":{"line":41,"column":50},"end":{"line":47,"column":1}}],"line":41},"11":{"loc":{"start":{"line":42,"column":4},"end":{"line":42,"column":42}},"type":"if","locations":[{"start":{"line":42,"column":4},"end":{"line":42,"column":42}},{"start":{"line":42,"column":4},"end":{"line":42,"column":42}}],"line":42},"12":{"loc":{"start":{"line":42,"column":8},"end":{"line":42,"column":29}},"type":"binary-expr","locations":[{"start":{"line":42,"column":8},"end":{"line":42,"column":11}},{"start":{"line":42,"column":15},"end":{"line":42,"column":29}}],"line":42},"13":{"loc":{"start":{"line":44,"column":4},"end":{"line":44,"column":141}},"type":"if","locations":[{"start":{"line":44,"column":4},"end":{"line":44,"column":141}},{"start":{"line":44,"column":4},"end":{"line":44,"column":141}}],"line":44},"14":{"loc":{"start":{"line":44,"column":40},"end":{"line":44,"column":141}},"type":"if","locations":[{"start":{"line":44,"column":40},"end":{"line":44,"column":141}},{"start":{"line":44,"column":40},"end":{"line":44,"column":141}}],"line":44},"15":{"loc":{"start":{"line":44,"column":44},"end":{"line":44,"column":107}},"type":"binary-expr","locations":[{"start":{"line":44,"column":44},"end":{"line":44,"column":59}},{"start":{"line":44,"column":63},"end":{"line":44,"column":107}}],"line":44},"16":{"loc":{"start":{"line":48,"column":22},"end":{"line":50,"column":1}},"type":"binary-expr","locations":[{"start":{"line":48,"column":23},"end":{"line":48,"column":27}},{"start":{"line":48,"column":31},"end":{"line":48,"column":51}},{"start":{"line":48,"column":56},"end":{"line":50,"column":1}}],"line":48},"17":{"loc":{"start":{"line":49,"column":11},"end":{"line":49,"column":61}},"type":"cond-expr","locations":[{"start":{"line":49,"column":37},"end":{"line":49,"column":40}},{"start":{"line":49,"column":43},"end":{"line":49,"column":61}}],"line":49},"18":{"loc":{"start":{"line":49,"column":12},"end":{"line":49,"column":33}},"type":"binary-expr","locations":[{"start":{"line":49,"column":12},"end":{"line":49,"column":15}},{"start":{"line":49,"column":19},"end":{"line":49,"column":33}}],"line":49},"19":{"loc":{"start":{"line":71,"column":19},"end":{"line":71,"column":43}},"type":"binary-expr","locations":[{"start":{"line":71,"column":19},"end":{"line":71,"column":35}},{"start":{"line":71,"column":39},"end":{"line":71,"column":43}}],"line":71}},"s":{"0":1,"1":18,"2":18,"3":18,"4":18,"5":18,"6":3,"7":18,"8":0,"9":0,"10":0,"11":1,"12":2,"13":0,"14":1,"15":2,"16":0,"17":2,"18":2,"19":2,"20":18,"21":18,"22":2,"23":2,"24":1,"25":8,"26":1,"27":1,"28":1,"29":1,"30":1,"31":1,"32":1,"33":1,"34":1,"35":1,"36":1,"37":1,"38":1,"39":1,"40":1,"41":1,"42":1,"43":1,"44":1,"45":1,"46":1,"47":1,"48":1,"49":1,"50":1,"51":1,"52":1,"53":0,"54":1,"55":0,"56":0,"57":1,"58":1,"59":1},"f":{"0":18,"1":3,"2":0,"3":2,"4":0,"5":2,"6":8,"7":1,"8":0,"9":0,"10":1},"b":{"0":[1,1,1],"1":[1,0],"2":[18,0],"3":[18,0],"4":[18,18],"5":[0,18],"6":[18,0],"7":[0,0],"8":[1,1,1],"9":[1,0],"10":[1,1,1],"11":[0,2],"12":[2,2],"13":[2,0],"14":[18,0],"15":[18,18],"16":[1,1,1],"17":[6,2],"18":[8,8],"19":[1,0]},"inputSourceMap":{"version":3,"file":"D:/Users/jammidee/cgApps/cgnodes/72_Production/laKubots/src/app.ts","sources":["D:/Users/jammidee/cgApps/cgnodes/72_Production/laKubots/src/app.ts"],"names":[],"mappings":";AAAA;;;;;;;;;;;;;;;;;;;;;;EAsBE;;;;;;;;;;;;;;;;;;;;;;;;;;;;AAGF,mDAAoD;AACpD,gDAAwB;AAExB,gDAAwB;AACxB,4CAA4C;AAC5C,4EAA+C;AAI/C,mDAAmD;AACnD,+CAAiC;AACjC,MAAM,CAAC,MAAM,EAAE,CAAC;AAEhB,MAAM,GAAG,GAAG,IAAA,iBAAO,GAAE,CAAC;AAEtB,eAAe;AACf,cAAc;AACd,eAAe;AACf,GAAG,CAAC,GAAG,CAAC,IAAA,cAAI,GAAE,CAAC,CAAC;AAChB,GAAG,CAAC,GAAG,CAAC,IAAA,oBAAU,EAAC,EAAE,QAAQ,EAAE,KAAK,EAAE,CAAC,CAAC,CAAA;AACxC,GAAG,CAAC,GAAG,CAAC,IAAA,cAAI,GAAE,CAAC,CAAC;AAChB,6DAA6D;AAE7D,oBAAoB;AACpB,mBAAmB;AACnB,oBAAoB;AACpB,MAAM,UAAU,GAAG,OAAO,CAAC,GAAG,CAAC,IAAI,IAAI,IAAI,CAAC;AAE5C,oBAAoB;AACpB,kBAAkB;AAClB,oBAAoB;AACpB,6BAA6B;AAC7B,GAAG,CAAC,GAAG,CAAC,aAAa,EAAE,KAAK,CAAC,CAAC;AAE9B,6DAA6D;AAC7D,GAAG,CAAC,GAAG,CAAC,OAAO,EAAE,cAAI,CAAC,IAAI,CAAC,SAAS,EAAE,OAAO,CAAC,CAAC,CAAC;AAEhD,WAAW;AACX,UAAU;AACV,WAAW;AACX,6EAAqD;AACrD,8EAAsD;AAEtD,CAAC,KAAK,IAAI,EAAE;IAEX,MAAM,IAAA,sBAAY,GAAE,CAAC,CAAE,gBAAgB;IACvC,MAAM,IAAA,sBAAY,GAAE,CAAC,CAAE,gBAAgB;AAEtC,CAAC,CAAC,EAAE,CAAC;AAIP,qBAAqB;AACrB,qBAAqB;AACrB,qBAAqB;AACrB,sFAA8D;AAC9D,0EAAkD;AAClD,gFAAwD;AAGxD,qBAAqB;AACrB,oBAAoB;AACpB,qBAAqB;AACrB,GAAG,CAAC,GAAG,CAAC,kBAAkB,EAAI,wBAAc,CAAC,CAAC;AAC9C,GAAG,CAAC,GAAG,CAAC,cAAc,EAAK,oBAAU,CAAC,CAAC;AACvC,GAAG,CAAC,GAAG,CAAC,gBAAgB,EAAK,sBAAY,CAAC,CAAC,CAAC,YAAY;AAExD,GAAG,CAAC,GAAG,CAAC,OAAO,EAAO,oBAAU,CAAC,CAAC;AAGlC,GAAG,CAAC,GAAG,CAAC,CAAC,GAAG,EAAE,GAAG,EAAE,EAAE;IACpB,GAAG,CAAC,MAAM,CAAC,GAAG,CAAC,CAAC,IAAI,CAAC,EAAE,MAAM,EAAE,GAAG,EAAE,OAAO,EAAE,gBAAgB,EAAE,CAAC,CAAC;AAChE,CAAC,CAAC,CAAC;AAEL,GAAG,CAAC,GAAG,CAAC,GAAG,EAAE,CAAC,GAAG,EAAE,GAAG,EAAE,EAAE;IACzB,GAAG,CAAC,IAAI,CAAC,iCAAiC,CAAC,CAAC;IAC5C,qBAAM,CAAC,IAAI,CAAC,2BAA2B,EAAE,EAAE,KAAK,EAAE,GAAG,CAAC,KAAK,EAAE,CAAC,CAAC;AAChE,CAAC,CAAC,CAAC;AAEH,GAAG,CAAC,MAAM,CAAC,UAAU,EAAE,GAAG,EAAE;IAC3B,OAAO,CAAC,GAAG,CAAC,6BAA6B,UAAU,EAAE,CAAC,CAAC;AACxD,CAAC,CAAC,CAAC;AAEH,kBAAe,GAAG,CAAC","sourcesContent":["/**\r\n * Copyright (C) 2023 Lalulla, Inc. All rights reserved.\r\n * Copyright (c) 2023 - Joel M. Damaso - mailto:jammi_dee@yahoo.com Manila/Philippines\r\n * This file is part of Lalulla System.\r\n * \r\n * LaKuboTs Framework is distributed under the terms of the GNU General Public License \r\n * as published by the Free Software Foundation, either version 3 of the License, or\r\n * (at your option) any later version.\r\n * \r\n * LaKuboTs System is distributed in the hope that it will be useful, but WITHOUT ANY\r\n * WARRANTY; without even the implied warranty of MERCHANTABILITY or FITNESS FOR A \r\n * PARTICULAR PURPOSE.  See the GNU General Public License for more details.\r\n * \r\n * You should have received a copy of the GNU General Public License\r\n * along with Lalulla System.  If not, see <http://www.gnu.org/licenses/>.\r\n * \r\n * Framework Designed by: Jammi Dee (jammi_dee@yahoo.com)\r\n *\r\n * File Create Date: 09/11/2023\r\n * Created by: Jammi Dee\r\n * Modified by: Jammi Dee\r\n *\r\n*/\r\n\r\n\r\nimport express, { json, urlencoded } from 'express';\r\nimport cors from \"cors\";\r\n\r\nimport path from 'path';\r\n//import logger from './app/logging/logger';\r\nimport logger from './app/logging/loggerotate';\r\n\r\nimport { sequelize } from './connection/sequelize';\r\n\r\n// Setup the environment variables - JMD 09/11/2023\r\nimport * as dotenv from 'dotenv';\r\ndotenv.config();\r\n\r\nconst app = express();\r\n\r\n//=============\r\n// Middlewares\r\n//=============\r\napp.use(cors());\r\napp.use(urlencoded({ extended: false }))\r\napp.use(json());\r\n//app.use(express.static(path.join(__dirname, '../upload')));\r\n\r\n//==================\r\n// Global Variables\r\n//==================\r\nconst globalPort = process.env.PORT || 3000;\r\n\r\n//==================\r\n// Framework Setup\r\n//==================\r\n// Set Pug as the view engine\r\napp.set('view engine', 'pug');\r\n\r\n// Specify the directory where your Pug templates are located\r\napp.set('views', path.join(__dirname, 'views'));\r\n\r\n//=========\r\n// Helpers\r\n//=========\r\nimport connectionDB from './connection/connectiondb';\r\nimport initJSONVars from './app/helpers/initjsonvars';\r\n\r\n(async () => {\r\n\r\n\tawait connectionDB();\t\t//JMD 09/30/2023\r\n\tawait initJSONVars();\t\t//JMD 09/28/2023\r\n\r\n  })();\r\n\r\n\r\n\r\n//===================\r\n// Routes Entry Point\r\n//===================\r\nimport SecurityRoutes from './routes/security/security.route';\r\nimport UserRoutes from './routes/user/user.route';\r\nimport LookupRoutes from './routes/lookup/lookup.route';\r\n\r\n\r\n//===================\r\n// Route Usage Point\r\n//===================\r\napp.use('/api/v1/security', \t\tSecurityRoutes);\r\napp.use('/api/v1/user', \t\t\tUserRoutes);\r\napp.use('/api/v1/lookup', \t\t\tLookupRoutes); //10/05/2023\r\n\r\napp.use('/user', \t\t\t\t\tUserRoutes);\r\n\r\n\r\napp.use((req, res) => {\r\n\tres.status(404).json({ status: 404, message: \"Invalid route!\" });\r\n  });\r\n\r\napp.get('/', (req, res) => {\r\n\tres.send('Hello, Express with TypeScript!');\r\n\tlogger.info(`API call to /api/resource`, { query: req.query });\r\n});\r\n\r\napp.listen(globalPort, () => {\r\n\tconsole.log(`Server is running on port ${globalPort}`);\r\n});\r\n\r\nexport default app;"]},"_coverageSchema":"1a1c01bbd47fc00a2c39e90264f33305004495a9","hash":"d3fad2c65bb85ce6fd22bba12b5d0efb600610cc","contentHash":"ecb81e61c739bea58e1818af8217c0c87eca9c382eadee8a23890fa5b6c49638"},"D:\\Users\\jammidee\\cgApps\\cgnodes\\72_Production\\laKubots\\src\\app\\logging\\loggerotate.ts":{"path":"D:\\Users\\jammidee\\cgApps\\cgnodes\\72_Production\\laKubots\\src\\app\\logging\\loggerotate.ts","statementMap":{"0":{"start":{"line":25,"column":22},"end":{"line":35,"column":3}},"1":{"start":{"line":26,"column":4},"end":{"line":26,"column":33}},"2":{"start":{"line":26,"column":26},"end":{"line":26,"column":33}},"3":{"start":{"line":27,"column":15},"end":{"line":27,"column":52}},"4":{"start":{"line":28,"column":4},"end":{"line":30,"column":5}},"5":{"start":{"line":29,"column":6},"end":{"line":29,"column":68}},"6":{"start":{"line":29,"column":51},"end":{"line":29,"column":63}},"7":{"start":{"line":31,"column":4},"end":{"line":31,"column":39}},"8":{"start":{"line":33,"column":4},"end":{"line":33,"column":33}},"9":{"start":{"line":33,"column":26},"end":{"line":33,"column":33}},"10":{"start":{"line":34,"column":4},"end":{"line":34,"column":17}},"11":{"start":{"line":36,"column":25},"end":{"line":40,"column":2}},"12":{"start":{"line":37,"column":4},"end":{"line":37,"column":72}},"13":{"start":{"line":39,"column":4},"end":{"line":39,"column":21}},"14":{"start":{"line":41,"column":19},"end":{"line":47,"column":1}},"15":{"start":{"line":42,"column":4},"end":{"line":42,"column":42}},"16":{"start":{"line":42,"column":31},"end":{"line":42,"column":42}},"17":{"start":{"line":43,"column":17},"end":{"line":43,"column":19}},"18":{"start":{"line":44,"column":4},"end":{"line":44,"column":141}},"19":{"start":{"line":44,"column":21},"end":{"line":44,"column":141}},"20":{"start":{"line":44,"column":40},"end":{"line":44,"column":141}},"21":{"start":{"line":44,"column":109},"end":{"line":44,"column":141}},"22":{"start":{"line":45,"column":4},"end":{"line":45,"column":36}},"23":{"start":{"line":46,"column":4},"end":{"line":46,"column":18}},"24":{"start":{"line":48,"column":0},"end":{"line":48,"column":62}},"25":{"start":{"line":49,"column":18},"end":{"line":49,"column":36}},"26":{"start":{"line":50,"column":13},"end":{"line":50,"column":42}},"27":{"start":{"line":51,"column":13},"end":{"line":51,"column":26}},"28":{"start":{"line":52,"column":15},"end":{"line":52,"column":46}},"29":{"start":{"line":53,"column":0},"end":{"line":53,"column":16}},"30":{"start":{"line":55,"column":24},"end":{"line":55,"column":60}},"31":{"start":{"line":57,"column":15},"end":{"line":57,"column":50}},"32":{"start":{"line":58,"column":0},"end":{"line":60,"column":1}},"33":{"start":{"line":59,"column":4},"end":{"line":59,"column":32}},"34":{"start":{"line":62,"column":15},"end":{"line":75,"column":2}},"35":{"start":{"line":76,"column":0},"end":{"line":76,"column":25}}},"fnMap":{"0":{"name":"(anonymous_0)","decl":{"start":{"line":25,"column":74},"end":{"line":25,"column":75}},"loc":{"start":{"line":25,"column":96},"end":{"line":32,"column":1}},"line":25},"1":{"name":"(anonymous_1)","decl":{"start":{"line":29,"column":38},"end":{"line":29,"column":39}},"loc":{"start":{"line":29,"column":49},"end":{"line":29,"column":65}},"line":29},"2":{"name":"(anonymous_2)","decl":{"start":{"line":32,"column":6},"end":{"line":32,"column":7}},"loc":{"start":{"line":32,"column":28},"end":{"line":35,"column":1}},"line":32},"3":{"name":"(anonymous_3)","decl":{"start":{"line":36,"column":80},"end":{"line":36,"column":81}},"loc":{"start":{"line":36,"column":95},"end":{"line":38,"column":1}},"line":36},"4":{"name":"(anonymous_4)","decl":{"start":{"line":38,"column":5},"end":{"line":38,"column":6}},"loc":{"start":{"line":38,"column":20},"end":{"line":40,"column":1}},"line":38},"5":{"name":"(anonymous_5)","decl":{"start":{"line":41,"column":50},"end":{"line":41,"column":51}},"loc":{"start":{"line":41,"column":65},"end":{"line":47,"column":1}},"line":41}},"branchMap":{"0":{"loc":{"start":{"line":25,"column":22},"end":{"line":35,"column":3}},"type":"binary-expr","locations":[{"start":{"line":25,"column":23},"end":{"line":25,"column":27}},{"start":{"line":25,"column":31},"end":{"line":25,"column":51}},{"start":{"line":25,"column":57},"end":{"line":35,"column":2}}],"line":25},"1":{"loc":{"start":{"line":25,"column":57},"end":{"line":35,"column":2}},"type":"cond-expr","locations":[{"start":{"line":25,"column":74},"end":{"line":32,"column":1}},{"start":{"line":32,"column":6},"end":{"line":35,"column":1}}],"line":25},"2":{"loc":{"start":{"line":26,"column":4},"end":{"line":26,"column":33}},"type":"if","locations":[{"start":{"line":26,"column":4},"end":{"line":26,"column":33}},{"start":{"line":26,"column":4},"end":{"line":26,"column":33}}],"line":26},"3":{"loc":{"start":{"line":28,"column":4},"end":{"line":30,"column":5}},"type":"if","locations":[{"start":{"line":28,"column":4},"end":{"line":30,"column":5}},{"start":{"line":28,"column":4},"end":{"line":30,"column":5}}],"line":28},"4":{"loc":{"start":{"line":28,"column":8},"end":{"line":28,"column":85}},"type":"binary-expr","locations":[{"start":{"line":28,"column":8},"end":{"line":28,"column":13}},{"start":{"line":28,"column":18},"end":{"line":28,"column":84}}],"line":28},"5":{"loc":{"start":{"line":28,"column":18},"end":{"line":28,"column":84}},"type":"cond-expr","locations":[{"start":{"line":28,"column":34},"end":{"line":28,"column":47}},{"start":{"line":28,"column":50},"end":{"line":28,"column":84}}],"line":28},"6":{"loc":{"start":{"line":28,"column":50},"end":{"line":28,"column":84}},"type":"binary-expr","locations":[{"start":{"line":28,"column":50},"end":{"line":28,"column":63}},{"start":{"line":28,"column":67},"end":{"line":28,"column":84}}],"line":28},"7":{"loc":{"start":{"line":33,"column":4},"end":{"line":33,"column":33}},"type":"if","locations":[{"start":{"line":33,"column":4},"end":{"line":33,"column":33}},{"start":{"line":33,"column":4},"end":{"line":33,"column":33}}],"line":33},"8":{"loc":{"start":{"line":36,"column":25},"end":{"line":40,"column":2}},"type":"binary-expr","locations":[{"start":{"line":36,"column":26},"end":{"line":36,"column":30}},{"start":{"line":36,"column":34},"end":{"line":36,"column":57}},{"start":{"line":36,"column":63},"end":{"line":40,"column":1}}],"line":36},"9":{"loc":{"start":{"line":36,"column":63},"end":{"line":40,"column":1}},"type":"cond-expr","locations":[{"start":{"line":36,"column":80},"end":{"line":38,"column":1}},{"start":{"line":38,"column":5},"end":{"line":40,"column":1}}],"line":36},"10":{"loc":{"start":{"line":41,"column":19},"end":{"line":47,"column":1}},"type":"binary-expr","locations":[{"start":{"line":41,"column":20},"end":{"line":41,"column":24}},{"start":{"line":41,"column":28},"end":{"line":41,"column":45}},{"start":{"line":41,"column":50},"end":{"line":47,"column":1}}],"line":41},"11":{"loc":{"start":{"line":42,"column":4},"end":{"line":42,"column":42}},"type":"if","locations":[{"start":{"line":42,"column":4},"end":{"line":42,"column":42}},{"start":{"line":42,"column":4},"end":{"line":42,"column":42}}],"line":42},"12":{"loc":{"start":{"line":42,"column":8},"end":{"line":42,"column":29}},"type":"binary-expr","locations":[{"start":{"line":42,"column":8},"end":{"line":42,"column":11}},{"start":{"line":42,"column":15},"end":{"line":42,"column":29}}],"line":42},"13":{"loc":{"start":{"line":44,"column":4},"end":{"line":44,"column":141}},"type":"if","locations":[{"start":{"line":44,"column":4},"end":{"line":44,"column":141}},{"start":{"line":44,"column":4},"end":{"line":44,"column":141}}],"line":44},"14":{"loc":{"start":{"line":44,"column":40},"end":{"line":44,"column":141}},"type":"if","locations":[{"start":{"line":44,"column":40},"end":{"line":44,"column":141}},{"start":{"line":44,"column":40},"end":{"line":44,"column":141}}],"line":44},"15":{"loc":{"start":{"line":44,"column":44},"end":{"line":44,"column":107}},"type":"binary-expr","locations":[{"start":{"line":44,"column":44},"end":{"line":44,"column":59}},{"start":{"line":44,"column":63},"end":{"line":44,"column":107}}],"line":44},"16":{"loc":{"start":{"line":57,"column":15},"end":{"line":57,"column":50}},"type":"binary-expr","locations":[{"start":{"line":57,"column":15},"end":{"line":57,"column":34}},{"start":{"line":57,"column":38},"end":{"line":57,"column":50}}],"line":57},"17":{"loc":{"start":{"line":58,"column":0},"end":{"line":60,"column":1}},"type":"if","locations":[{"start":{"line":58,"column":0},"end":{"line":60,"column":1}},{"start":{"line":58,"column":0},"end":{"line":60,"column":1}}],"line":58}},"s":{"0":1,"1":23,"2":23,"3":23,"4":23,"5":23,"6":2,"7":23,"8":0,"9":0,"10":0,"11":1,"12":2,"13":0,"14":1,"15":2,"16":0,"17":2,"18":2,"19":2,"20":23,"21":23,"22":2,"23":2,"24":1,"25":1,"26":1,"27":1,"28":1,"29":1,"30":1,"31":1,"32":1,"33":0,"34":1,"35":1},"f":{"0":23,"1":2,"2":0,"3":2,"4":0,"5":2},"b":{"0":[1,1,1],"1":[1,0],"2":[23,0],"3":[23,0],"4":[23,23],"5":[0,23],"6":[23,0],"7":[0,0],"8":[1,1,1],"9":[1,0],"10":[1,1,1],"11":[0,2],"12":[2,2],"13":[2,0],"14":[23,0],"15":[23,23],"16":[1,0],"17":[0,1]},"inputSourceMap":{"version":3,"file":"D:/Users/jammidee/cgApps/cgnodes/72_Production/laKubots/src/app/logging/loggerotate.ts","sources":["D:/Users/jammidee/cgApps/cgnodes/72_Production/laKubots/src/app/logging/loggerotate.ts"],"names":[],"mappings":";AAAA;;;;;;;;;;;;;;;;;;;;;;EAsBE;;;;;;;;;;;;;;;;;;;;;;;;;AAEF,qCAA2D;AAC3D,2CAA6B;AAC7B,2BAA2C;AAE3C,+CAAiC;AACjC,MAAM,CAAC,MAAM,EAAE,CAAC;AAEhB,4DAA4D;AAC5D,MAAM,eAAe,GAAG,OAAO,CAAC,2BAA2B,CAAC,CAAC;AAE7D,+CAA+C;AAC/C,MAAM,MAAM,GAAG,OAAO,CAAC,GAAG,CAAC,OAAO,IAAI,YAAY,CAAE;AACpD,IAAI,CAAC,IAAA,eAAU,EAAC,MAAM,CAAC,EAAE;IACvB,IAAA,cAAS,EAAC,MAAM,CAAC,CAAC;CACnB;AAED,kCAAkC;AAClC,MAAM,MAAM,GAAG,IAAA,sBAAY,EAAC;IAC1B,KAAK,EAAE,MAAM;IACb,MAAM,EAAE,gBAAM,CAAC,OAAO,CACpB,gBAAM,CAAC,SAAS,EAAE,EAClB,gBAAM,CAAC,IAAI,EAAE,CACd;IACD,UAAU,EAAE;QACV,IAAI,eAAe,CAAC;YAClB,OAAO,EAAE,IAAI,CAAC,IAAI,CAAC,SAAS,EAAE,MAAM,CAAC;YACrC,QAAQ,EAAE,gBAAgB;YAC1B,WAAW,EAAE,YAAY;YACzB,aAAa,EAAE,IAAI;YACnB,OAAO,EAAE,KAAK;YACd,QAAQ,EAAE,KAAK,EAAE,2CAA2C;SAC7D,CAAC;KACH;CACF,CAAC,CAAC;AAEH,kBAAe,MAAM,CAAC","sourcesContent":["/**\r\n * Copyright (C) 2023 Lalulla, Inc. All rights reserved.\r\n * Copyright (c) 2023 - Joel M. Damaso - mailto:jammi_dee@yahoo.com Manila/Philippines\r\n * This file is part of Lalulla System.\r\n * \r\n * LaKuboTs Framework is distributed under the terms of the GNU General Public License \r\n * as published by the Free Software Foundation, either version 3 of the License, or\r\n * (at your option) any later version.\r\n * \r\n * LaKuboTs System is distributed in the hope that it will be useful, but WITHOUT ANY\r\n * WARRANTY; without even the implied warranty of MERCHANTABILITY or FITNESS FOR A \r\n * PARTICULAR PURPOSE.  See the GNU General Public License for more details.\r\n * \r\n * You should have received a copy of the GNU General Public License\r\n * along with Lalulla System.  If not, see <http://www.gnu.org/licenses/>.\r\n * \r\n * Framework Designed by: Jammi Dee (jammi_dee@yahoo.com)\r\n *\r\n * File Create Date: 09/11/2023\r\n * Created by: Jammi Dee\r\n * Modified by: Jammi Dee\r\n *\r\n*/\r\n\r\nimport { createLogger, format, transports } from 'winston';\r\nimport * as path from 'path';\r\nimport { existsSync, mkdirSync } from 'fs';\r\n\r\nimport * as dotenv from 'dotenv';\r\ndotenv.config();\r\n\r\n// Import the DailyRotateFile transport using require syntax\r\nconst DailyRotateFile = require('winston-daily-rotate-file');\r\n\r\n// Create the log directory if it doesn't exist\r\nconst logDir = process.env.LOG_DIR || '../../logs' ;\r\nif (!existsSync(logDir)) {\r\n  mkdirSync(logDir);\r\n}\r\n\r\n// Define the logger configuration\r\nconst logger = createLogger({\r\n  level: 'info', // Set the log level as needed (info, warn, error, etc.)\r\n  format: format.combine(\r\n    format.timestamp(),\r\n    format.json()\r\n  ),\r\n  transports: [\r\n    new DailyRotateFile({\r\n      dirname: path.join(__dirname, logDir),\r\n      filename: 'api-%DATE%.log',\r\n      datePattern: 'YYYY-MM-DD',\r\n      zippedArchive: true,\r\n      maxSize: '20m', // Change the max size as needed\r\n      maxFiles: '14d', // Keep logs for 14 days (adjust as needed)\r\n    }),\r\n  ],\r\n});\r\n\r\nexport default logger;\r\n"]},"_coverageSchema":"1a1c01bbd47fc00a2c39e90264f33305004495a9","hash":"bf6016cdad40db1b715ae8878c7d04b0c694b214","contentHash":"a948f194411520e7d834d81a9d5f5b77060b64d706a2d18c952449c18f7eea14"},"D:\\Users\\jammidee\\cgApps\\cgnodes\\72_Production\\laKubots\\src\\connection\\connectiondb.ts":{"path":"D:\\Users\\jammidee\\cgApps\\cgnodes\\72_Production\\laKubots\\src\\connection\\connectiondb.ts","statementMap":{"0":{"start":{"line":25,"column":22},"end":{"line":35,"column":3}},"1":{"start":{"line":26,"column":4},"end":{"line":26,"column":33}},"2":{"start":{"line":26,"column":26},"end":{"line":26,"column":33}},"3":{"start":{"line":27,"column":15},"end":{"line":27,"column":52}},"4":{"start":{"line":28,"column":4},"end":{"line":30,"column":5}},"5":{"start":{"line":29,"column":6},"end":{"line":29,"column":68}},"6":{"start":{"line":29,"column":51},"end":{"line":29,"column":63}},"7":{"start":{"line":31,"column":4},"end":{"line":31,"column":39}},"8":{"start":{"line":33,"column":4},"end":{"line":33,"column":33}},"9":{"start":{"line":33,"column":26},"end":{"line":33,"column":33}},"10":{"start":{"line":34,"column":4},"end":{"line":34,"column":17}},"11":{"start":{"line":36,"column":25},"end":{"line":40,"column":2}},"12":{"start":{"line":37,"column":4},"end":{"line":37,"column":72}},"13":{"start":{"line":39,"column":4},"end":{"line":39,"column":21}},"14":{"start":{"line":41,"column":19},"end":{"line":47,"column":1}},"15":{"start":{"line":42,"column":4},"end":{"line":42,"column":42}},"16":{"start":{"line":42,"column":31},"end":{"line":42,"column":42}},"17":{"start":{"line":43,"column":17},"end":{"line":43,"column":19}},"18":{"start":{"line":44,"column":4},"end":{"line":44,"column":141}},"19":{"start":{"line":44,"column":21},"end":{"line":44,"column":141}},"20":{"start":{"line":44,"column":40},"end":{"line":44,"column":141}},"21":{"start":{"line":44,"column":109},"end":{"line":44,"column":141}},"22":{"start":{"line":45,"column":4},"end":{"line":45,"column":36}},"23":{"start":{"line":46,"column":4},"end":{"line":46,"column":18}},"24":{"start":{"line":48,"column":0},"end":{"line":48,"column":62}},"25":{"start":{"line":49,"column":0},"end":{"line":49,"column":28}},"26":{"start":{"line":50,"column":31},"end":{"line":50,"column":62}},"27":{"start":{"line":51,"column":21},"end":{"line":51,"column":52}},"28":{"start":{"line":52,"column":27},"end":{"line":52,"column":64}},"29":{"start":{"line":53,"column":23},"end":{"line":53,"column":69}},"30":{"start":{"line":54,"column":15},"end":{"line":54,"column":46}},"31":{"start":{"line":55,"column":0},"end":{"line":55,"column":16}},"32":{"start":{"line":56,"column":0},"end":{"line":67,"column":3}},"33":{"start":{"line":69,"column":4},"end":{"line":74,"column":5}},"34":{"start":{"line":70,"column":8},"end":{"line":70,"column":40}},"35":{"start":{"line":73,"column":8},"end":{"line":73,"column":27}},"36":{"start":{"line":76,"column":0},"end":{"line":76,"column":31}}},"fnMap":{"0":{"name":"(anonymous_0)","decl":{"start":{"line":25,"column":74},"end":{"line":25,"column":75}},"loc":{"start":{"line":25,"column":96},"end":{"line":32,"column":1}},"line":25},"1":{"name":"(anonymous_1)","decl":{"start":{"line":29,"column":38},"end":{"line":29,"column":39}},"loc":{"start":{"line":29,"column":49},"end":{"line":29,"column":65}},"line":29},"2":{"name":"(anonymous_2)","decl":{"start":{"line":32,"column":6},"end":{"line":32,"column":7}},"loc":{"start":{"line":32,"column":28},"end":{"line":35,"column":1}},"line":32},"3":{"name":"(anonymous_3)","decl":{"start":{"line":36,"column":80},"end":{"line":36,"column":81}},"loc":{"start":{"line":36,"column":95},"end":{"line":38,"column":1}},"line":36},"4":{"name":"(anonymous_4)","decl":{"start":{"line":38,"column":5},"end":{"line":38,"column":6}},"loc":{"start":{"line":38,"column":20},"end":{"line":40,"column":1}},"line":38},"5":{"name":"(anonymous_5)","decl":{"start":{"line":41,"column":50},"end":{"line":41,"column":51}},"loc":{"start":{"line":41,"column":65},"end":{"line":47,"column":1}},"line":41},"6":{"name":"connectionDB","decl":{"start":{"line":68,"column":15},"end":{"line":68,"column":27}},"loc":{"start":{"line":68,"column":30},"end":{"line":75,"column":1}},"line":68}},"branchMap":{"0":{"loc":{"start":{"line":25,"column":22},"end":{"line":35,"column":3}},"type":"binary-expr","locations":[{"start":{"line":25,"column":23},"end":{"line":25,"column":27}},{"start":{"line":25,"column":31},"end":{"line":25,"column":51}},{"start":{"line":25,"column":57},"end":{"line":35,"column":2}}],"line":25},"1":{"loc":{"start":{"line":25,"column":57},"end":{"line":35,"column":2}},"type":"cond-expr","locations":[{"start":{"line":25,"column":74},"end":{"line":32,"column":1}},{"start":{"line":32,"column":6},"end":{"line":35,"column":1}}],"line":25},"2":{"loc":{"start":{"line":26,"column":4},"end":{"line":26,"column":33}},"type":"if","locations":[{"start":{"line":26,"column":4},"end":{"line":26,"column":33}},{"start":{"line":26,"column":4},"end":{"line":26,"column":33}}],"line":26},"3":{"loc":{"start":{"line":28,"column":4},"end":{"line":30,"column":5}},"type":"if","locations":[{"start":{"line":28,"column":4},"end":{"line":30,"column":5}},{"start":{"line":28,"column":4},"end":{"line":30,"column":5}}],"line":28},"4":{"loc":{"start":{"line":28,"column":8},"end":{"line":28,"column":85}},"type":"binary-expr","locations":[{"start":{"line":28,"column":8},"end":{"line":28,"column":13}},{"start":{"line":28,"column":18},"end":{"line":28,"column":84}}],"line":28},"5":{"loc":{"start":{"line":28,"column":18},"end":{"line":28,"column":84}},"type":"cond-expr","locations":[{"start":{"line":28,"column":34},"end":{"line":28,"column":47}},{"start":{"line":28,"column":50},"end":{"line":28,"column":84}}],"line":28},"6":{"loc":{"start":{"line":28,"column":50},"end":{"line":28,"column":84}},"type":"binary-expr","locations":[{"start":{"line":28,"column":50},"end":{"line":28,"column":63}},{"start":{"line":28,"column":67},"end":{"line":28,"column":84}}],"line":28},"7":{"loc":{"start":{"line":33,"column":4},"end":{"line":33,"column":33}},"type":"if","locations":[{"start":{"line":33,"column":4},"end":{"line":33,"column":33}},{"start":{"line":33,"column":4},"end":{"line":33,"column":33}}],"line":33},"8":{"loc":{"start":{"line":36,"column":25},"end":{"line":40,"column":2}},"type":"binary-expr","locations":[{"start":{"line":36,"column":26},"end":{"line":36,"column":30}},{"start":{"line":36,"column":34},"end":{"line":36,"column":57}},{"start":{"line":36,"column":63},"end":{"line":40,"column":1}}],"line":36},"9":{"loc":{"start":{"line":36,"column":63},"end":{"line":40,"column":1}},"type":"cond-expr","locations":[{"start":{"line":36,"column":80},"end":{"line":38,"column":1}},{"start":{"line":38,"column":5},"end":{"line":40,"column":1}}],"line":36},"10":{"loc":{"start":{"line":41,"column":19},"end":{"line":47,"column":1}},"type":"binary-expr","locations":[{"start":{"line":41,"column":20},"end":{"line":41,"column":24}},{"start":{"line":41,"column":28},"end":{"line":41,"column":45}},{"start":{"line":41,"column":50},"end":{"line":47,"column":1}}],"line":41},"11":{"loc":{"start":{"line":42,"column":4},"end":{"line":42,"column":42}},"type":"if","locations":[{"start":{"line":42,"column":4},"end":{"line":42,"column":42}},{"start":{"line":42,"column":4},"end":{"line":42,"column":42}}],"line":42},"12":{"loc":{"start":{"line":42,"column":8},"end":{"line":42,"column":29}},"type":"binary-expr","locations":[{"start":{"line":42,"column":8},"end":{"line":42,"column":11}},{"start":{"line":42,"column":15},"end":{"line":42,"column":29}}],"line":42},"13":{"loc":{"start":{"line":44,"column":4},"end":{"line":44,"column":141}},"type":"if","locations":[{"start":{"line":44,"column":4},"end":{"line":44,"column":141}},{"start":{"line":44,"column":4},"end":{"line":44,"column":141}}],"line":44},"14":{"loc":{"start":{"line":44,"column":40},"end":{"line":44,"column":141}},"type":"if","locations":[{"start":{"line":44,"column":40},"end":{"line":44,"column":141}},{"start":{"line":44,"column":40},"end":{"line":44,"column":141}}],"line":44},"15":{"loc":{"start":{"line":44,"column":44},"end":{"line":44,"column":107}},"type":"binary-expr","locations":[{"start":{"line":44,"column":44},"end":{"line":44,"column":59}},{"start":{"line":44,"column":63},"end":{"line":44,"column":107}}],"line":44}},"s":{"0":1,"1":7,"2":7,"3":7,"4":7,"5":7,"6":1,"7":7,"8":0,"9":0,"10":0,"11":1,"12":1,"13":0,"14":1,"15":1,"16":0,"17":1,"18":1,"19":1,"20":7,"21":7,"22":1,"23":1,"24":1,"25":1,"26":1,"27":1,"28":1,"29":1,"30":1,"31":1,"32":1,"33":1,"34":1,"35":0,"36":1},"f":{"0":7,"1":1,"2":0,"3":1,"4":0,"5":1,"6":1},"b":{"0":[1,1,1],"1":[1,0],"2":[7,0],"3":[7,0],"4":[7,7],"5":[0,7],"6":[7,0],"7":[0,0],"8":[1,1,1],"9":[1,0],"10":[1,1,1],"11":[0,1],"12":[1,1],"13":[1,0],"14":[7,0],"15":[7,7]},"inputSourceMap":{"version":3,"file":"D:/Users/jammidee/cgApps/cgnodes/72_Production/laKubots/src/connection/connectiondb.ts","sources":["D:/Users/jammidee/cgApps/cgnodes/72_Production/laKubots/src/connection/connectiondb.ts"],"names":[],"mappings":";AAAA;;;;;;;;;;;;;;;;;;;;;;EAsBE;;;;;;;;;;;;;;;;;;;;;;;;;;AAEF,+DAAiD;AACjD,qDAA4C;AAC5C,iEAAwD;AACxD,sEAA6D;AAE7D,+CAAiC;AACjC,MAAM,CAAC,MAAM,EAAE,CAAC;AAEH,QAAA,UAAU,GAAG,IAAI,gCAAS,CAAC;IACpC,OAAO,EAAE,OAAO;IAChB,IAAI,EAAE,OAAO,CAAC,GAAG,CAAC,OAAO;IACzB,IAAI,EAAE,MAAM,CAAC,OAAO,CAAC,GAAG,CAAC,OAAO,CAAC;IACjC,QAAQ,EAAE,OAAO,CAAC,GAAG,CAAC,WAAW;IACjC,QAAQ,EAAE,OAAO,CAAC,GAAG,CAAC,WAAW;IACjC,QAAQ,EAAE,OAAO,CAAC,GAAG,CAAC,OAAO;IAC7B,OAAO,EAAE,KAAK;IACd,MAAM,EAAE;QACJ,iBAAI,EAAE,6BAAU,EAAE,qBAAM;KAC3B;CACJ,CAAC,CAAA;AAEF,KAAK,UAAU,YAAY;IACvB,IAAI;QACA,MAAM,kBAAU,CAAC,IAAI,EAAE,CAAA;KAC1B;IAAC,OAAO,KAAK,EAAE;QACZ,OAAO,CAAC,GAAG,CAAC,KAAK,CAAC,CAAA;KACrB;AACL,CAAC;AAED,kBAAe,YAAY,CAAA","sourcesContent":["/**\r\n * Copyright (C) 2023 Lalulla, Inc. All rights reserved.\r\n * Copyright (c) 2023 - Joel M. Damaso - mailto:jammi_dee@yahoo.com Manila/Philippines\r\n * This file is part of Lalulla System.\r\n * \r\n * LaKuboTs Framework is distributed under the terms of the GNU General Public License \r\n * as published by the Free Software Foundation, either version 3 of the License, or\r\n * (at your option) any later version.\r\n * \r\n * LaKuboTs System is distributed in the hope that it will be useful, but WITHOUT ANY\r\n * WARRANTY; without even the implied warranty of MERCHANTABILITY or FITNESS FOR A \r\n * PARTICULAR PURPOSE.  See the GNU General Public License for more details.\r\n * \r\n * You should have received a copy of the GNU General Public License\r\n * along with Lalulla System.  If not, see <http://www.gnu.org/licenses/>.\r\n * \r\n * Framework Designed by: Jammi Dee (jammi_dee@yahoo.com)\r\n *\r\n * File Create Date: 09/26/2023 4:33pm\r\n * Created by: Jammi Dee\r\n * Modified by: Jammi Dee\r\n *\r\n*/\r\n\r\nimport { Sequelize } from \"sequelize-typescript\";\r\nimport { User } from \"../models/user.model\";\r\nimport { Department } from \"../models/department.model\";\r\nimport { Lookup } from \"../routes/lookup/model/lookup.model\";\r\n\r\nimport * as dotenv from 'dotenv';\r\ndotenv.config();\r\n\r\nexport const connection = new Sequelize({\r\n    dialect: \"mysql\",\r\n    host: process.env.DB_HOST,\r\n    port: Number(process.env.DB_PORT),\r\n    username: process.env.DB_USERNAME,\r\n    password: process.env.DB_PASSWORD,\r\n    database: process.env.DB_NAME,\r\n    logging: false,\r\n    models: [\r\n        User, Department, Lookup\r\n    ]\r\n})\r\n\r\nasync function connectionDB() {\r\n    try {\r\n        await connection.sync()\r\n    } catch (error) {\r\n        console.log(error)\r\n    }\r\n}\r\n\r\nexport default connectionDB"]},"_coverageSchema":"1a1c01bbd47fc00a2c39e90264f33305004495a9","hash":"5be69deb91123d956343bfa5f92a89f6b39d90ed","contentHash":"b34e56712831ea35e81b25ea7b86f9b158a85d2f528b1fcce405bc3f4248524f"},"D:\\Users\\jammidee\\cgApps\\cgnodes\\72_Production\\laKubots\\src\\models\\user.model.ts":{"path":"D:\\Users\\jammidee\\cgApps\\cgnodes\\72_Production\\laKubots\\src\\models\\user.model.ts","statementMap":{"0":{"start":{"line":25,"column":17},"end":{"line":30,"column":1}},"1":{"start":{"line":26,"column":12},"end":{"line":26,"column":28}},"2":{"start":{"line":26,"column":34},"end":{"line":26,"column":125}},"3":{"start":{"line":27,"column":4},"end":{"line":28,"column":150}},"4":{"start":{"line":27,"column":79},"end":{"line":27,"column":131}},"5":{"start":{"line":28,"column":9},"end":{"line":28,"column":150}},"6":{"start":{"line":28,"column":22},"end":{"line":28,"column":43}},"7":{"start":{"line":28,"column":58},"end":{"line":28,"column":150}},"8":{"start":{"line":28,"column":81},"end":{"line":28,"column":150}},"9":{"start":{"line":29,"column":4},"end":{"line":29,"column":66}},"10":{"start":{"line":31,"column":0},"end":{"line":31,"column":62}},"11":{"start":{"line":32,"column":0},"end":{"line":32,"column":22}},"12":{"start":{"line":33,"column":31},"end":{"line":33,"column":62}},"13":{"start":{"line":34,"column":11},"end":{"line":35,"column":1}},"14":{"start":{"line":36,"column":0},"end":{"line":36,"column":20}},"15":{"start":{"line":37,"column":0},"end":{"line":44,"column":33}},"16":{"start":{"line":45,"column":0},"end":{"line":49,"column":35}},"17":{"start":{"line":50,"column":0},"end":{"line":54,"column":36}},"18":{"start":{"line":55,"column":0},"end":{"line":59,"column":39}},"19":{"start":{"line":60,"column":0},"end":{"line":64,"column":39}},"20":{"start":{"line":65,"column":0},"end":{"line":70,"column":40}},"21":{"start":{"line":71,"column":0},"end":{"line":76,"column":40}},"22":{"start":{"line":77,"column":0},"end":{"line":84,"column":9}}},"fnMap":{"0":{"name":"(anonymous_0)","decl":{"start":{"line":25,"column":46},"end":{"line":25,"column":47}},"loc":{"start":{"line":25,"column":87},"end":{"line":30,"column":1}},"line":25}},"branchMap":{"0":{"loc":{"start":{"line":25,"column":17},"end":{"line":30,"column":1}},"type":"binary-expr","locations":[{"start":{"line":25,"column":18},"end":{"line":25,"column":22}},{"start":{"line":25,"column":26},"end":{"line":25,"column":41}},{"start":{"line":25,"column":46},"end":{"line":30,"column":1}}],"line":25},"1":{"loc":{"start":{"line":26,"column":34},"end":{"line":26,"column":125}},"type":"cond-expr","locations":[{"start":{"line":26,"column":42},"end":{"line":26,"column":48}},{"start":{"line":26,"column":51},"end":{"line":26,"column":125}}],"line":26},"2":{"loc":{"start":{"line":26,"column":51},"end":{"line":26,"column":125}},"type":"cond-expr","locations":[{"start":{"line":26,"column":67},"end":{"line":26,"column":118}},{"start":{"line":26,"column":121},"end":{"line":26,"column":125}}],"line":26},"3":{"loc":{"start":{"line":27,"column":4},"end":{"line":28,"column":150}},"type":"if","locations":[{"start":{"line":27,"column":4},"end":{"line":28,"column":150}},{"start":{"line":27,"column":4},"end":{"line":28,"column":150}}],"line":27},"4":{"loc":{"start":{"line":27,"column":8},"end":{"line":27,"column":77}},"type":"binary-expr","locations":[{"start":{"line":27,"column":8},"end":{"line":27,"column":35}},{"start":{"line":27,"column":39},"end":{"line":27,"column":77}}],"line":27},"5":{"loc":{"start":{"line":28,"column":58},"end":{"line":28,"column":150}},"type":"if","locations":[{"start":{"line":28,"column":58},"end":{"line":28,"column":150}},{"start":{"line":28,"column":58},"end":{"line":28,"column":150}}],"line":28},"6":{"loc":{"start":{"line":28,"column":85},"end":{"line":28,"column":149}},"type":"binary-expr","locations":[{"start":{"line":28,"column":86},"end":{"line":28,"column":143}},{"start":{"line":28,"column":148},"end":{"line":28,"column":149}}],"line":28},"7":{"loc":{"start":{"line":28,"column":86},"end":{"line":28,"column":143}},"type":"cond-expr","locations":[{"start":{"line":28,"column":94},"end":{"line":28,"column":98}},{"start":{"line":28,"column":101},"end":{"line":28,"column":143}}],"line":28},"8":{"loc":{"start":{"line":28,"column":101},"end":{"line":28,"column":143}},"type":"cond-expr","locations":[{"start":{"line":28,"column":109},"end":{"line":28,"column":126}},{"start":{"line":28,"column":129},"end":{"line":28,"column":143}}],"line":28},"9":{"loc":{"start":{"line":29,"column":11},"end":{"line":29,"column":62}},"type":"binary-expr","locations":[{"start":{"line":29,"column":11},"end":{"line":29,"column":16}},{"start":{"line":29,"column":20},"end":{"line":29,"column":21}},{"start":{"line":29,"column":25},"end":{"line":29,"column":62}}],"line":29}},"s":{"0":1,"1":8,"2":8,"3":8,"4":8,"5":0,"6":0,"7":0,"8":0,"9":8,"10":1,"11":1,"12":1,"13":1,"14":1,"15":1,"16":1,"17":1,"18":1,"19":1,"20":1,"21":1,"22":1},"f":{"0":8},"b":{"0":[1,1,1],"1":[1,7],"2":[0,7],"3":[8,0],"4":[8,8],"5":[0,0],"6":[0,0],"7":[0,0],"8":[0,0],"9":[8,7,0]},"inputSourceMap":{"version":3,"file":"D:/Users/jammidee/cgApps/cgnodes/72_Production/laKubots/src/models/user.model.ts","sources":["D:/Users/jammidee/cgApps/cgnodes/72_Production/laKubots/src/models/user.model.ts"],"names":[],"mappings":";AAAA;;;;;;;;;;;;;;;;;;;;;;EAsBE;;;;;;;;;AAEF,+DAA2G;AASpG,IAAM,IAAI,GAAV,MAAM,IAAK,SAAQ,4BAAK;CAyC9B,CAAA;AAzCY,oBAAI;AAOf;IANC,IAAA,6BAAM,EAAC;QACN,SAAS,EAAE,KAAK;QAChB,aAAa,EAAE,IAAI;QACnB,UAAU,EAAE,IAAI;QAChB,IAAI,EAAE,+BAAQ,CAAC,OAAO;KACvB,CAAC;gCACU;AAKZ;IAHC,IAAA,6BAAM,EAAC;QACN,IAAI,EAAE,+BAAQ,CAAC,MAAM;KACtB,CAAC;kCACY;AAKd;IAHC,IAAA,6BAAM,EAAC;QACN,IAAI,EAAE,+BAAQ,CAAC,MAAM;KACtB,CAAC;mCACa;AAKf;IAHC,IAAA,6BAAM,EAAC;QACN,IAAI,EAAE,+BAAQ,CAAC,MAAM;KACtB,CAAC;sCACgB;AAKlB;IAHC,IAAA,6BAAM,EAAC;QACN,IAAI,EAAE,+BAAQ,CAAC,IAAI;KACpB,CAAC;sCACc;AAMhB;IAJC,IAAA,6BAAM,EAAC;QACN,SAAS,EAAE,KAAK;QAChB,IAAI,EAAE,+BAAQ,CAAC,IAAI;KACpB,CAAC;uCACe;AAMjB;IAJC,IAAA,6BAAM,EAAC;QACN,SAAS,EAAE,KAAK;QAChB,IAAI,EAAE,+BAAQ,CAAC,IAAI;KACpB,CAAC;uCACe;eAvCN,IAAI;IAPhB,IAAA,4BAAK,EAAC;QACL,UAAU,EAAE,IAAI;QAChB,SAAS,EAAE,WAAW;QACtB,SAAS,EAAE,WAAW;QACtB,SAAS,EAAE,UAAU;KACtB,CAAC;GAEW,IAAI,CAyChB","sourcesContent":["/**\r\n * Copyright (C) 2023 Lalulla, Inc. All rights reserved.\r\n * Copyright (c) 2023 - Joel M. Damaso - mailto:jammi_dee@yahoo.com Manila/Philippines\r\n * This file is part of Lalulla System.\r\n * \r\n * LaKuboTs Framework is distributed under the terms of the GNU General Public License \r\n * as published by the Free Software Foundation, either version 3 of the License, or\r\n * (at your option) any later version.\r\n * \r\n * LaKuboTs System is distributed in the hope that it will be useful, but WITHOUT ANY\r\n * WARRANTY; without even the implied warranty of MERCHANTABILITY or FITNESS FOR A \r\n * PARTICULAR PURPOSE.  See the GNU General Public License for more details.\r\n * \r\n * You should have received a copy of the GNU General Public License\r\n * along with Lalulla System.  If not, see <http://www.gnu.org/licenses/>.\r\n * \r\n * Framework Designed by: Jammi Dee (jammi_dee@yahoo.com)\r\n *\r\n * File Create Date: 09/26/2023 4:41pm\r\n * Created by: Jammi Dee\r\n * Modified by: Jammi Dee\r\n *\r\n*/\r\n\r\nimport { Table, Model, Column, DataType, DefaultScope, ForeignKey, BelongsTo } from \"sequelize-typescript\";\r\n\r\n@Table({\r\n  timestamps: true,\r\n  createdAt: 'createdAt',\r\n  updatedAt: 'updatedAt',\r\n  tableName: \"tblusers\"\r\n})\r\n\r\nexport class User extends Model {\r\n  @Column({\r\n    allowNull: false,\r\n    autoIncrement: true,\r\n    primaryKey: true,\r\n    type: DataType.INTEGER\r\n  })\r\n  ID!: number;\r\n\r\n  @Column({\r\n    type: DataType.STRING\r\n  })\r\n  name!: String;\r\n\r\n  @Column({\r\n    type: DataType.STRING\r\n  })\r\n  email!: string;\r\n\r\n  @Column({\r\n    type: DataType.STRING\r\n  })\r\n  password!: string;\r\n\r\n  @Column({\r\n    type: DataType.DATE\r\n  })\r\n  lastseen!: Date;\r\n\r\n  @Column({\r\n    allowNull: false,\r\n    type: DataType.DATE\r\n  })\r\n  createdAt!: Date;\r\n\r\n  @Column({\r\n    allowNull: false,\r\n    type: DataType.DATE\r\n  })\r\n  updatedAt!: Date;\r\n\r\n}"]},"_coverageSchema":"1a1c01bbd47fc00a2c39e90264f33305004495a9","hash":"8997d5fd3008e59233630073ace942164e9dc535","contentHash":"1e936d842d1547b41404da283c76eb0d05aa047c87f413ccd5ad9bac3898f571"},"D:\\Users\\jammidee\\cgApps\\cgnodes\\72_Production\\laKubots\\src\\models\\department.model.ts":{"path":"D:\\Users\\jammidee\\cgApps\\cgnodes\\72_Production\\laKubots\\src\\models\\department.model.ts","statementMap":{"0":{"start":{"line":25,"column":17},"end":{"line":30,"column":1}},"1":{"start":{"line":26,"column":12},"end":{"line":26,"column":28}},"2":{"start":{"line":26,"column":34},"end":{"line":26,"column":125}},"3":{"start":{"line":27,"column":4},"end":{"line":28,"column":150}},"4":{"start":{"line":27,"column":79},"end":{"line":27,"column":131}},"5":{"start":{"line":28,"column":9},"end":{"line":28,"column":150}},"6":{"start":{"line":28,"column":22},"end":{"line":28,"column":43}},"7":{"start":{"line":28,"column":58},"end":{"line":28,"column":150}},"8":{"start":{"line":28,"column":81},"end":{"line":28,"column":150}},"9":{"start":{"line":29,"column":4},"end":{"line":29,"column":66}},"10":{"start":{"line":31,"column":0},"end":{"line":31,"column":62}},"11":{"start":{"line":32,"column":0},"end":{"line":32,"column":28}},"12":{"start":{"line":33,"column":31},"end":{"line":33,"column":62}},"13":{"start":{"line":35,"column":17},"end":{"line":36,"column":1}},"14":{"start":{"line":37,"column":0},"end":{"line":37,"column":32}},"15":{"start":{"line":38,"column":0},"end":{"line":45,"column":39}},"16":{"start":{"line":46,"column":0},"end":{"line":50,"column":42}},"17":{"start":{"line":51,"column":0},"end":{"line":55,"column":48}},"18":{"start":{"line":56,"column":0},"end":{"line":61,"column":46}},"19":{"start":{"line":62,"column":0},"end":{"line":67,"column":46}},"20":{"start":{"line":68,"column":0},"end":{"line":75,"column":15}}},"fnMap":{"0":{"name":"(anonymous_0)","decl":{"start":{"line":25,"column":46},"end":{"line":25,"column":47}},"loc":{"start":{"line":25,"column":87},"end":{"line":30,"column":1}},"line":25}},"branchMap":{"0":{"loc":{"start":{"line":25,"column":17},"end":{"line":30,"column":1}},"type":"binary-expr","locations":[{"start":{"line":25,"column":18},"end":{"line":25,"column":22}},{"start":{"line":25,"column":26},"end":{"line":25,"column":41}},{"start":{"line":25,"column":46},"end":{"line":30,"column":1}}],"line":25},"1":{"loc":{"start":{"line":26,"column":34},"end":{"line":26,"column":125}},"type":"cond-expr","locations":[{"start":{"line":26,"column":42},"end":{"line":26,"column":48}},{"start":{"line":26,"column":51},"end":{"line":26,"column":125}}],"line":26},"2":{"loc":{"start":{"line":26,"column":51},"end":{"line":26,"column":125}},"type":"cond-expr","locations":[{"start":{"line":26,"column":67},"end":{"line":26,"column":118}},{"start":{"line":26,"column":121},"end":{"line":26,"column":125}}],"line":26},"3":{"loc":{"start":{"line":27,"column":4},"end":{"line":28,"column":150}},"type":"if","locations":[{"start":{"line":27,"column":4},"end":{"line":28,"column":150}},{"start":{"line":27,"column":4},"end":{"line":28,"column":150}}],"line":27},"4":{"loc":{"start":{"line":27,"column":8},"end":{"line":27,"column":77}},"type":"binary-expr","locations":[{"start":{"line":27,"column":8},"end":{"line":27,"column":35}},{"start":{"line":27,"column":39},"end":{"line":27,"column":77}}],"line":27},"5":{"loc":{"start":{"line":28,"column":58},"end":{"line":28,"column":150}},"type":"if","locations":[{"start":{"line":28,"column":58},"end":{"line":28,"column":150}},{"start":{"line":28,"column":58},"end":{"line":28,"column":150}}],"line":28},"6":{"loc":{"start":{"line":28,"column":85},"end":{"line":28,"column":149}},"type":"binary-expr","locations":[{"start":{"line":28,"column":86},"end":{"line":28,"column":143}},{"start":{"line":28,"column":148},"end":{"line":28,"column":149}}],"line":28},"7":{"loc":{"start":{"line":28,"column":86},"end":{"line":28,"column":143}},"type":"cond-expr","locations":[{"start":{"line":28,"column":94},"end":{"line":28,"column":98}},{"start":{"line":28,"column":101},"end":{"line":28,"column":143}}],"line":28},"8":{"loc":{"start":{"line":28,"column":101},"end":{"line":28,"column":143}},"type":"cond-expr","locations":[{"start":{"line":28,"column":109},"end":{"line":28,"column":126}},{"start":{"line":28,"column":129},"end":{"line":28,"column":143}}],"line":28},"9":{"loc":{"start":{"line":29,"column":11},"end":{"line":29,"column":62}},"type":"binary-expr","locations":[{"start":{"line":29,"column":11},"end":{"line":29,"column":16}},{"start":{"line":29,"column":20},"end":{"line":29,"column":21}},{"start":{"line":29,"column":25},"end":{"line":29,"column":62}}],"line":29}},"s":{"0":1,"1":6,"2":6,"3":6,"4":6,"5":0,"6":0,"7":0,"8":0,"9":6,"10":1,"11":1,"12":1,"13":1,"14":1,"15":1,"16":1,"17":1,"18":1,"19":1,"20":1},"f":{"0":6},"b":{"0":[1,1,1],"1":[1,5],"2":[0,5],"3":[6,0],"4":[6,6],"5":[0,0],"6":[0,0],"7":[0,0],"8":[0,0],"9":[6,5,0]},"inputSourceMap":{"version":3,"file":"D:/Users/jammidee/cgApps/cgnodes/72_Production/laKubots/src/models/department.model.ts","sources":["D:/Users/jammidee/cgApps/cgnodes/72_Production/laKubots/src/models/department.model.ts"],"names":[],"mappings":";AAAA;;;;;;;;;;;;;;;;;;;;;;EAsBE;;;;;;;;;AAEF,+DAA2G;AAC3G,4CAA4C;AAUrC,IAAM,UAAU,GAAhB,MAAM,UAAW,SAAQ,4BAAK;CA+BpC,CAAA;AA/BY,gCAAU;AAOrB;IANC,IAAA,6BAAM,EAAC;QACN,SAAS,EAAE,KAAK;QAChB,aAAa,EAAE,IAAI;QACnB,UAAU,EAAE,IAAI;QAChB,IAAI,EAAE,+BAAQ,CAAC,OAAO;KACvB,CAAC;sCACU;AAKZ;IAHC,IAAA,6BAAM,EAAC;QACN,IAAI,EAAE,+BAAQ,CAAC,MAAM;KACtB,CAAC;yCACa;AAKf;IAHC,IAAA,6BAAM,EAAC;QACN,IAAI,EAAE,+BAAQ,CAAC,MAAM;KACtB,CAAC;+CACmB;AAMrB;IAJC,IAAA,6BAAM,EAAC;QACN,SAAS,EAAE,KAAK;QAChB,IAAI,EAAE,+BAAQ,CAAC,IAAI;KACpB,CAAC;6CACe;AAMjB;IAJC,IAAA,6BAAM,EAAC;QACN,SAAS,EAAE,KAAK;QAChB,IAAI,EAAE,+BAAQ,CAAC,IAAI;KACpB,CAAC;6CACe;qBA7BN,UAAU;IAPtB,IAAA,4BAAK,EAAC;QACL,UAAU,EAAE,IAAI;QAChB,SAAS,EAAE,WAAW;QACtB,SAAS,EAAE,WAAW;QACtB,SAAS,EAAE,gBAAgB;KAC5B,CAAC;GAEW,UAAU,CA+BtB","sourcesContent":["/**\r\n * Copyright (C) 2023 Lalulla, Inc. All rights reserved.\r\n * Copyright (c) 2023 - Joel M. Damaso - mailto:jammi_dee@yahoo.com Manila/Philippines\r\n * This file is part of Lalulla System.\r\n * \r\n * LaKuboTs Framework is distributed under the terms of the GNU General Public License \r\n * as published by the Free Software Foundation, either version 3 of the License, or\r\n * (at your option) any later version.\r\n * \r\n * LaKuboTs System is distributed in the hope that it will be useful, but WITHOUT ANY\r\n * WARRANTY; without even the implied warranty of MERCHANTABILITY or FITNESS FOR A \r\n * PARTICULAR PURPOSE.  See the GNU General Public License for more details.\r\n * \r\n * You should have received a copy of the GNU General Public License\r\n * along with Lalulla System.  If not, see <http://www.gnu.org/licenses/>.\r\n * \r\n * Framework Designed by: Jammi Dee (jammi_dee@yahoo.com)\r\n *\r\n * File Create Date: 09/26/2023 4:35pm\r\n * Created by: Jammi Dee\r\n * Modified by: Jammi Dee\r\n *\r\n*/\r\n\r\nimport { Table, Model, Column, DataType, DefaultScope, ForeignKey, BelongsTo } from \"sequelize-typescript\";\r\n//import { Product } from \"./product.model\";\r\n\r\n\r\n@Table({\r\n  timestamps: true,\r\n  createdAt: 'createdAt',\r\n  updatedAt: 'updatedAt',\r\n  tableName: \"tbldepartments\"\r\n})\r\n\r\nexport class Department extends Model {\r\n  @Column({\r\n    allowNull: false,\r\n    autoIncrement: true,\r\n    primaryKey: true,\r\n    type: DataType.INTEGER\r\n  })\r\n  ID!: number;\r\n\r\n  @Column({\r\n    type: DataType.STRING\r\n  })\r\n  colid!: String;\r\n\r\n  @Column({\r\n    type: DataType.STRING\r\n  })\r\n  description!: string;\r\n\r\n  @Column({\r\n    allowNull: false,\r\n    type: DataType.DATE\r\n  })\r\n  createdAt!: Date;\r\n\r\n  @Column({\r\n    allowNull: false,\r\n    type: DataType.DATE\r\n  })\r\n  updatedAt!: Date;\r\n\r\n}"]},"_coverageSchema":"1a1c01bbd47fc00a2c39e90264f33305004495a9","hash":"ea1064cc6b882ede8680eca867915150f0518e29","contentHash":"6bf5ce672a746dc658c9b47041eb4517d80137c58dad8ac4d218e85bc2843075"},"D:\\Users\\jammidee\\cgApps\\cgnodes\\72_Production\\laKubots\\src\\routes\\lookup\\model\\lookup.model.ts":{"path":"D:\\Users\\jammidee\\cgApps\\cgnodes\\72_Production\\laKubots\\src\\routes\\lookup\\model\\lookup.model.ts","statementMap":{"0":{"start":{"line":24,"column":17},"end":{"line":29,"column":1}},"1":{"start":{"line":25,"column":12},"end":{"line":25,"column":28}},"2":{"start":{"line":25,"column":34},"end":{"line":25,"column":125}},"3":{"start":{"line":26,"column":4},"end":{"line":27,"column":150}},"4":{"start":{"line":26,"column":79},"end":{"line":26,"column":131}},"5":{"start":{"line":27,"column":9},"end":{"line":27,"column":150}},"6":{"start":{"line":27,"column":22},"end":{"line":27,"column":43}},"7":{"start":{"line":27,"column":58},"end":{"line":27,"column":150}},"8":{"start":{"line":27,"column":81},"end":{"line":27,"column":150}},"9":{"start":{"line":28,"column":4},"end":{"line":28,"column":66}},"10":{"start":{"line":30,"column":0},"end":{"line":30,"column":62}},"11":{"start":{"line":31,"column":0},"end":{"line":31,"column":24}},"12":{"start":{"line":32,"column":31},"end":{"line":32,"column":62}},"13":{"start":{"line":33,"column":13},"end":{"line":34,"column":1}},"14":{"start":{"line":35,"column":0},"end":{"line":35,"column":24}},"15":{"start":{"line":36,"column":0},"end":{"line":43,"column":35}},"16":{"start":{"line":44,"column":0},"end":{"line":48,"column":38}},"17":{"start":{"line":49,"column":0},"end":{"line":53,"column":38}},"18":{"start":{"line":54,"column":0},"end":{"line":58,"column":44}},"19":{"start":{"line":59,"column":0},"end":{"line":64,"column":42}},"20":{"start":{"line":65,"column":0},"end":{"line":70,"column":42}},"21":{"start":{"line":71,"column":0},"end":{"line":78,"column":11}}},"fnMap":{"0":{"name":"(anonymous_0)","decl":{"start":{"line":24,"column":46},"end":{"line":24,"column":47}},"loc":{"start":{"line":24,"column":87},"end":{"line":29,"column":1}},"line":24}},"branchMap":{"0":{"loc":{"start":{"line":24,"column":17},"end":{"line":29,"column":1}},"type":"binary-expr","locations":[{"start":{"line":24,"column":18},"end":{"line":24,"column":22}},{"start":{"line":24,"column":26},"end":{"line":24,"column":41}},{"start":{"line":24,"column":46},"end":{"line":29,"column":1}}],"line":24},"1":{"loc":{"start":{"line":25,"column":34},"end":{"line":25,"column":125}},"type":"cond-expr","locations":[{"start":{"line":25,"column":42},"end":{"line":25,"column":48}},{"start":{"line":25,"column":51},"end":{"line":25,"column":125}}],"line":25},"2":{"loc":{"start":{"line":25,"column":51},"end":{"line":25,"column":125}},"type":"cond-expr","locations":[{"start":{"line":25,"column":67},"end":{"line":25,"column":118}},{"start":{"line":25,"column":121},"end":{"line":25,"column":125}}],"line":25},"3":{"loc":{"start":{"line":26,"column":4},"end":{"line":27,"column":150}},"type":"if","locations":[{"start":{"line":26,"column":4},"end":{"line":27,"column":150}},{"start":{"line":26,"column":4},"end":{"line":27,"column":150}}],"line":26},"4":{"loc":{"start":{"line":26,"column":8},"end":{"line":26,"column":77}},"type":"binary-expr","locations":[{"start":{"line":26,"column":8},"end":{"line":26,"column":35}},{"start":{"line":26,"column":39},"end":{"line":26,"column":77}}],"line":26},"5":{"loc":{"start":{"line":27,"column":58},"end":{"line":27,"column":150}},"type":"if","locations":[{"start":{"line":27,"column":58},"end":{"line":27,"column":150}},{"start":{"line":27,"column":58},"end":{"line":27,"column":150}}],"line":27},"6":{"loc":{"start":{"line":27,"column":85},"end":{"line":27,"column":149}},"type":"binary-expr","locations":[{"start":{"line":27,"column":86},"end":{"line":27,"column":143}},{"start":{"line":27,"column":148},"end":{"line":27,"column":149}}],"line":27},"7":{"loc":{"start":{"line":27,"column":86},"end":{"line":27,"column":143}},"type":"cond-expr","locations":[{"start":{"line":27,"column":94},"end":{"line":27,"column":98}},{"start":{"line":27,"column":101},"end":{"line":27,"column":143}}],"line":27},"8":{"loc":{"start":{"line":27,"column":101},"end":{"line":27,"column":143}},"type":"cond-expr","locations":[{"start":{"line":27,"column":109},"end":{"line":27,"column":126}},{"start":{"line":27,"column":129},"end":{"line":27,"column":143}}],"line":27},"9":{"loc":{"start":{"line":28,"column":11},"end":{"line":28,"column":62}},"type":"binary-expr","locations":[{"start":{"line":28,"column":11},"end":{"line":28,"column":16}},{"start":{"line":28,"column":20},"end":{"line":28,"column":21}},{"start":{"line":28,"column":25},"end":{"line":28,"column":62}}],"line":28}},"s":{"0":1,"1":7,"2":7,"3":7,"4":7,"5":0,"6":0,"7":0,"8":0,"9":7,"10":1,"11":1,"12":1,"13":1,"14":1,"15":1,"16":1,"17":1,"18":1,"19":1,"20":1,"21":1},"f":{"0":7},"b":{"0":[1,1,1],"1":[1,6],"2":[0,6],"3":[7,0],"4":[7,7],"5":[0,0],"6":[0,0],"7":[0,0],"8":[0,0],"9":[7,6,0]},"inputSourceMap":{"version":3,"file":"D:/Users/jammidee/cgApps/cgnodes/72_Production/laKubots/src/routes/lookup/model/lookup.model.ts","sources":["D:/Users/jammidee/cgApps/cgnodes/72_Production/laKubots/src/routes/lookup/model/lookup.model.ts"],"names":[],"mappings":";AAAA;;;;;;;;;;;;;;;;;;;;;EAqBE;;;;;;;;;AAEF,+DAA2G;AAUpG,IAAM,MAAM,GAAZ,MAAM,MAAO,SAAQ,4BAAK;CAoChC,CAAA;AApCY,wBAAM;AAOjB;IANC,IAAA,6BAAM,EAAC;QACN,SAAS,EAAE,KAAK;QAChB,aAAa,EAAE,IAAI;QACnB,UAAU,EAAE,IAAI;QAChB,IAAI,EAAE,+BAAQ,CAAC,OAAO;KACvB,CAAC;kCACU;AAKZ;IAHC,IAAA,6BAAM,EAAC;QACN,IAAI,EAAE,+BAAQ,CAAC,MAAM;KACtB,CAAC;qCACa;AAKf;IAHC,IAAA,6BAAM,EAAC;QACN,IAAI,EAAE,+BAAQ,CAAC,MAAM;KACtB,CAAC;qCACa;AAKf;IAHC,IAAA,6BAAM,EAAC;QACN,IAAI,EAAE,+BAAQ,CAAC,MAAM;KACtB,CAAC;2CACmB;AAMrB;IAJC,IAAA,6BAAM,EAAC;QACN,SAAS,EAAE,KAAK;QAChB,IAAI,EAAE,+BAAQ,CAAC,IAAI;KACpB,CAAC;yCACe;AAMjB;IAJC,IAAA,6BAAM,EAAC;QACN,SAAS,EAAE,KAAK;QAChB,IAAI,EAAE,+BAAQ,CAAC,IAAI;KACpB,CAAC;yCACe;iBAlCN,MAAM;IAPlB,IAAA,4BAAK,EAAC;QACL,UAAU,EAAE,IAAI;QAChB,SAAS,EAAE,WAAW;QACtB,SAAS,EAAE,WAAW;QACtB,SAAS,EAAE,YAAY;KACxB,CAAC;GAEW,MAAM,CAoClB","sourcesContent":["/**\r\n * Copyright (C) 2023 Lalulla, Inc. All rights reserved.\r\n * Copyright (c) 2023 - Joel M. Damaso - mailto:jammi_dee@yahoo.com Manila/Philippines\r\n * This file is part of Lalulla System.\r\n * \r\n * LaKuboTs Framework is distributed under the terms of the GNU General Public License \r\n * as published by the Free Software Foundation, either version 3 of the License, or\r\n * (at your option) any later version.\r\n * \r\n * LaKuboTs System is distributed in the hope that it will be useful, but WITHOUT ANY\r\n * WARRANTY; without even the implied warranty of MERCHANTABILITY or FITNESS FOR A \r\n * PARTICULAR PURPOSE.  See the GNU General Public License for more details.\r\n * \r\n * You should have received a copy of the GNU General Public License\r\n * along with Cloud Gate System.  If not, see <http://www.gnu.org/licenses/>.\r\n * \r\n * Framework Designed by: Jammi Dee (jammi_dee@yahoo.com)\r\n *\r\n * File Create Date: 10/05/2023 06:38pm\r\n * Created by: Jammi Dee\r\n * Modified by: Jammi Dee\r\n*/\r\n\r\nimport { Table, Model, Column, DataType, DefaultScope, ForeignKey, BelongsTo } from \"sequelize-typescript\";\r\n\r\n\r\n@Table({\r\n  timestamps: true,\r\n  createdAt: 'createdAt',\r\n  updatedAt: 'updatedAt',\r\n  tableName: \"tbllookups\"\r\n})\r\n\r\nexport class Lookup extends Model {\r\n  @Column({\r\n    allowNull: false,\r\n    autoIncrement: true,\r\n    primaryKey: true,\r\n    type: DataType.INTEGER\r\n  })\r\n  ID!: number;\r\n\r\n  @Column({\r\n    type: DataType.STRING\r\n  })\r\n  keyid!: String;\r\n\r\n  @Column({\r\n    type: DataType.STRING\r\n  })\r\n  colid!: String;\r\n\r\n  @Column({\r\n    type: DataType.STRING\r\n  })\r\n  description!: string;\r\n\r\n  @Column({\r\n    allowNull: false,\r\n    type: DataType.DATE\r\n  })\r\n  createdAt!: Date;\r\n\r\n  @Column({\r\n    allowNull: false,\r\n    type: DataType.DATE\r\n  })\r\n  updatedAt!: Date;\r\n\r\n}"]},"_coverageSchema":"1a1c01bbd47fc00a2c39e90264f33305004495a9","hash":"bdf85b33b47e978238662d93a9fbf169b00cc106","contentHash":"beed2c3de0afc9eb36efe70b4ffa32e7dce6d20782c7aa307a7d25fae29bfe5b"},"D:\\Users\\jammidee\\cgApps\\cgnodes\\72_Production\\laKubots\\src\\app\\helpers\\initjsonvars.ts":{"path":"D:\\Users\\jammidee\\cgApps\\cgnodes\\72_Production\\laKubots\\src\\app\\helpers\\initjsonvars.ts","statementMap":{"0":{"start":{"line":25,"column":22},"end":{"line":27,"column":1}},"1":{"start":{"line":26,"column":4},"end":{"line":26,"column":62}},"2":{"start":{"line":28,"column":0},"end":{"line":28,"column":62}},"3":{"start":{"line":29,"column":19},"end":{"line":29,"column":58}},"4":{"start":{"line":30,"column":15},"end":{"line":30,"column":47}},"5":{"start":{"line":31,"column":21},"end":{"line":142,"column":1}},"6":{"start":{"line":32,"column":4},"end":{"line":141,"column":5}},"7":{"start":{"line":34,"column":8},"end":{"line":34,"column":142}},"8":{"start":{"line":35,"column":8},"end":{"line":35,"column":59}},"9":{"start":{"line":38,"column":21},"end":{"line":139,"column":9}},"10":{"start":{"line":140,"column":8},"end":{"line":140,"column":132}},"11":{"start":{"line":143,"column":0},"end":{"line":143,"column":31}}},"fnMap":{"0":{"name":"(anonymous_0)","decl":{"start":{"line":25,"column":56},"end":{"line":25,"column":57}},"loc":{"start":{"line":25,"column":71},"end":{"line":27,"column":1}},"line":25},"1":{"name":"(anonymous_1)","decl":{"start":{"line":31,"column":21},"end":{"line":31,"column":22}},"loc":{"start":{"line":31,"column":33},"end":{"line":142,"column":1}},"line":31}},"branchMap":{"0":{"loc":{"start":{"line":25,"column":22},"end":{"line":27,"column":1}},"type":"binary-expr","locations":[{"start":{"line":25,"column":23},"end":{"line":25,"column":27}},{"start":{"line":25,"column":31},"end":{"line":25,"column":51}},{"start":{"line":25,"column":56},"end":{"line":27,"column":1}}],"line":25},"1":{"loc":{"start":{"line":26,"column":11},"end":{"line":26,"column":61}},"type":"cond-expr","locations":[{"start":{"line":26,"column":37},"end":{"line":26,"column":40}},{"start":{"line":26,"column":43},"end":{"line":26,"column":61}}],"line":26},"2":{"loc":{"start":{"line":26,"column":12},"end":{"line":26,"column":33}},"type":"binary-expr","locations":[{"start":{"line":26,"column":12},"end":{"line":26,"column":15}},{"start":{"line":26,"column":19},"end":{"line":26,"column":33}}],"line":26}},"s":{"0":1,"1":2,"2":1,"3":1,"4":1,"5":1,"6":1,"7":1,"8":1,"9":0,"10":0,"11":1},"f":{"0":2,"1":1},"b":{"0":[1,1,1],"1":[0,2],"2":[2,2]},"inputSourceMap":{"version":3,"file":"D:/Users/jammidee/cgApps/cgnodes/72_Production/laKubots/src/app/helpers/initjsonvars.ts","sources":["D:/Users/jammidee/cgApps/cgnodes/72_Production/laKubots/src/app/helpers/initjsonvars.ts"],"names":[],"mappings":";AAAA;;;;;;;;;;;;;;;;;;;;;;EAsBE;;;;;AAGF,2DAA6B;AAC7B,gDAAuB;AAEvB,MAAM,YAAY,GAAG,KAAK,IAAI,EAAE;IAC9B,IAAI;QACF,0BAA0B;QAC1B,MAAM,kBAAE,CAAC,MAAM,CAAC,cAAI,CAAC,IAAI,CAAC,SAAS,EAAE,iCAAiC,CAAC,EAAE,kBAAE,CAAC,SAAS,CAAC,IAAI,CAAC,CAAC;QAC5F,OAAO,CAAC,GAAG,CAAC,qCAAqC,CAAC,CAAC;KACpD;IACD,OAAO,KAAK,EAAE;QACZ,MAAM,IAAI,GAAG;YACX,SAAS,EAAE;gBACT,OAAO,EAAE;oBACP,GAAG,EAAE;wBACH,UAAU,EAAE,MAAM;wBAClB,OAAO,EAAE,+GAA+G;qBACzH;oBACD,KAAK,EAAE;wBACL,UAAU,EAAE,kBAAkB;wBAC9B,WAAW,EAAE,uBAAuB;wBACpC,OAAO,EAAE,kDAAkD;wBAC3D,OAAO,EAAE,mJAAmJ;qBAC7J;iBACF;gBACD,QAAQ,EAAE;oBACR,GAAG,EAAE;wBACH,UAAU,EAAE,MAAM;wBAClB,OAAO,EAAE,qIAAqI;qBAC/I;oBACD,KAAK,EAAE;wBACL,UAAU,EAAE,kBAAkB;wBAC9B,WAAW,EAAE,uBAAuB;wBACpC,OAAO,EAAE,6CAA6C;wBACtD,OAAO,EAAE,8OAA8O;qBACxP;iBACF;gBACD,EAAE,EAAE;oBACF,GAAG,EAAE;wBACH,UAAU,EAAE,MAAM;wBAClB,OAAO,EAAE,gRAAgR;qBAC1R;oBACD,KAAK,EAAE;wBACL,UAAU,EAAE,kBAAkB;wBAC9B,WAAW,EAAE,uBAAuB;wBACpC,OAAO,EAAE,uDAAuD;wBAChE,OAAO,EAAE,uSAAuS;qBACjT;iBACF;aACF;YACD,KAAK,EAAE;gBACL,MAAM,EAAE;oBACN,mBAAmB,EAAE;wBACnB,KAAK,EAAE;4BACL,UAAU,EAAE,kBAAkB;4BAC9B,WAAW,EAAE,uBAAuB;4BACpC,OAAO,EAAE,oCAAoC;4BAC7C,OAAO,EAAE,kFAAkF;4BAC3F,SAAS,EAAE,CAAC,2BAA2B,EAAE,6BAA6B,CAAC;4BACvE,SAAS,EAAE,EAAE;yBACd;qBACF;oBACD,iBAAiB,EAAE;wBACjB,KAAK,EAAE;4BACL,UAAU,EAAE,kBAAkB;4BAC9B,WAAW,EAAE,uBAAuB;4BACpC,OAAO,EAAE,qBAAqB;4BAC9B,OAAO,EAAE,uFAAuF;4BAChG,SAAS,EAAE,CAAC,2BAA2B,EAAE,6BAA6B,CAAC;yBACxE;qBACF;iBACF;gBACD,OAAO,EAAE;oBACP,WAAW,EAAE,CAAC;oBACd,QAAQ,EAAE,CAAC;oBACX,0BAA0B,EAAE,aAAa;oBACzC,oBAAoB,EAAE,GAAG;iBAC1B;gBACD,YAAY,EAAE;oBACZ,aAAa,EAAE,KAAK;oBACpB,eAAe,EAAE,sCAAsC;iBACxD;gBACD,SAAS,EAAE;oBACT,oBAAoB,EAAE,CAAC;iBACxB;aACF;YACD,yBAAyB,EAAE;gBACzB,KAAK,EAAE;oBACL,gCAAgC;oBAChC,qCAAqC;oBACrC,QAAQ,EAAE;wBACR,IAAI,EAAC,kBAAkB;wBACvB,KAAK,EAAC,uBAAuB;qBAC9B;oBACD,MAAM,EAAE;wBACN;4BACE,IAAI,EAAC,QAAQ;4BACb,KAAK,EAAC,6BAA6B;yBACpC;wBACD;4BACE,IAAI,EAAC,SAAS;4BACd,KAAK,EAAC,mCAAmC;yBAC1C;wBACD;4BACE,IAAI,EAAC,MAAM;4BACX,KAAK,EAAC,4BAA4B;yBACnC;qBACF;oBACD,OAAO,EAAE,+DAA+D;oBACxE,OAAO,EAAE,uNAAuN;iBACjO;aACF;SACF,CAAA;QACD,MAAM,kBAAE,CAAC,SAAS,CAAC,cAAI,CAAC,IAAI,CAAC,SAAS,EAAE,iCAAiC,CAAC,EAAE,IAAI,CAAC,SAAS,CAAC,IAAI,CAAC,CAAC,CAAC;KACnG;AACH,CAAC,CAAC;AAEF,kBAAe,YAAY,CAAC","sourcesContent":["/**\r\n * Copyright (C) 2023 Lalulla, Inc. All rights reserved.\r\n * Copyright (c) 2023 - Joel M. Damaso - mailto:jammi_dee@yahoo.com Manila/Philippines\r\n * This file is part of Lalulla System.\r\n * \r\n * LaKuboTs Framework is distributed under the terms of the GNU General Public License \r\n * as published by the Free Software Foundation, either version 3 of the License, or\r\n * (at your option) any later version.\r\n * \r\n * LaKuboTs System is distributed in the hope that it will be useful, but WITHOUT ANY\r\n * WARRANTY; without even the implied warranty of MERCHANTABILITY or FITNESS FOR A \r\n * PARTICULAR PURPOSE.  See the GNU General Public License for more details.\r\n * \r\n * You should have received a copy of the GNU General Public License\r\n * along with Lalulla System.  If not, see <http://www.gnu.org/licenses/>.\r\n * \r\n * Framework Designed by: Jammi Dee (jammi_dee@yahoo.com)\r\n *\r\n * File Create Date: 09/28/2023 11:22am\r\n * Created by: Jammi Dee\r\n * Modified by: Jammi Dee\r\n *\r\n*/\r\n\r\n\r\nimport fs from 'fs/promises';\r\nimport path from \"path\"\r\n\r\nconst initJSONVars = async () => {\r\n  try {\r\n    // console.log(__dirname);\r\n    await fs.access(path.join(__dirname, '../../app/helpers/initvars.json'), fs.constants.F_OK);\r\n    console.log('Initial run time variables created.');\r\n  }\r\n  catch (error) {\r\n    const data = {\r\n      templates: {\r\n        ewallet: {\r\n          sms: {\r\n            senderName: 'ACME',\r\n            content: 'You have been rewarded with PHP {{face_value}} {{brand}}. Go to your {{brand}} account to check your balance.'\r\n          },\r\n          email: {\r\n            senderName: \"ACME Philippines\",\r\n            senderEmail: \"acmenotif@acme.com.ph\",\r\n            subject: \"You've been rewarded with a {{brand}} ACME Gift!\",\r\n            content: \"<p>Dear {{name}},<br><br></p><p>You have been rewarded with PHP {{face_value}} {{brand}}. Go to your {{brand}} account to check your balance.</p>\",\r\n          }\r\n        },\r\n        evoucher: {\r\n          sms: {\r\n            senderName: 'ACME',\r\n            content: 'Enjoy your {{brand}} e-voucher worth PHP {{face_value}}.\\n\\nCODE {{code}} valid until {{expiry_date}}\\n\\nTerms and conditions apply'\r\n          },\r\n          email: {\r\n            senderName: \"ACME Philippines\",\r\n            senderEmail: \"acmenotif@acme.com.ph\",\r\n            subject: \"Time to shop with your {{brand}} e-voucher!\",\r\n            content: \"<p>Dear {{name}},<br><br></p><p><b>Butcher Code:&nbsp;</b>{{code}}<br><br><b>Butcher Amount:&nbsp;</b>PHP {{face_value}}<br><br><b>Valid until: {{expiry_date}}</b><br><br><b>Terms and Conditions:&nbsp;</b><a href=\\\"#\\\">Link here</a></p>\",\r\n          }\r\n        },\r\n        mp: {\r\n          sms: {\r\n            senderName: 'ACME',\r\n            content: 'Enjoy PHP {{face_value}} {{brand}} NorthExit Pass by showing the code below to our merchant. \\n\\nCODE {{code}}\\n\\nTo know where you can use your GC code, visit mp.ACME.ph. Revalidate after {{expiry_date}}. Terms and conditions apply, visit mp.ACME.ph/tc for more details'\r\n          },\r\n          email: {\r\n            senderName: \"ACME Philippines\",\r\n            senderEmail: \"acmenotif@acme.com.ph\",\r\n            subject: \"You've been rewarded with a {{brand}} NorthExit Pass!\",\r\n            content: \"<p>Dear {{name}},<br><br></p><p>Here’s how to enjoy your {{brand}} GC:<br>1. Open and save the attached file to get your {{brand}} GC.<br>2. Simply present the code to participating merchants reflected in the voucher<br>3. {{brand}} GC is subject for revalidation after {{expiry_date}}<br></p>\"\r\n          }\r\n        },\r\n      },\r\n      admin: {\r\n        alerts: {\r\n          low_stock_inventory: {\r\n            email: {\r\n              senderName: \"ACME Philippines\",\r\n              senderEmail: \"acmenotif@acme.com.ph\",\r\n              subject: \"Butcher Inventory: Low Stock Alert\",\r\n              content: \"<p>Client with id {{clientID}} is low on available vouchers at {{threshold}}</p>\",\r\n              recepient: ['kimberly.abongan@acme.com', 'reinalyn.guillermo@acme.com'],\r\n              threshold: 25,\r\n            }\r\n          },\r\n          convert_api_error: {\r\n            email: {\r\n              senderName: \"ACME Philippines\",\r\n              senderEmail: \"acmenotif@acme.com.ph\",\r\n              subject: \"Convert API Failure\",\r\n              content: \"<p>Dear Admin,<br/>Convert API failed on MP CODE {{code}} for client {{clientID}}</p>\",\r\n              recepient: ['kimberly.abongan@acme.com', 'reinalyn.guillermo@acme.com'],\r\n            }\r\n          },\r\n        },\r\n        mc_auth: {\r\n          \"Branch-id\": 0,\r\n          \"Pos-Id\": 1,\r\n          \"Pos-Transaction-DateTime\": 1475350523600,\r\n          \"Pos-Transaction-No\": 133,\r\n        },\r\n        validate_api: {\r\n          \"Merchant-id\": \"536\",\r\n          \"Authorization\": \"11777f1a-1acd-4bc7-8d0a-0893bb454231\",\r\n        },\r\n        scheduler: {\r\n          gcash_disburse_timer: 3,\r\n        },\r\n      },\r\n      gcash_failed_notification: {\r\n        email: {\r\n          // fromName: \"ACME Philippines\",\r\n          // fromMail: \"acmenotif@acme.com.ph\",\r\n          fromMail: {\r\n            name:'ACME Philippines',\r\n            email:'acmenotif@acme.com.ph'\r\n          },\r\n          toMail: [\r\n            {\r\n              name:'Harish',\r\n              email:'harish.kumar@kollabeers.com'\r\n            },\r\n            {\r\n              name:'Naveenn',\r\n              email:'naveen.ulaganathan@kollabeers.com'\r\n            },\r\n            {\r\n              name:'Joel',\r\n              email:'joel.damaso@kollabeers.com'\r\n            }\r\n          ],\r\n          subject: \"Daily Unsuccessful {{wallet_name}} distribution list {{date}}\",\r\n          content: \"<p>Hello,</p><br><p>Unsuccessful <b>{{wallet_name}}</b> distribution report dated {{date}} generated from Janus API is attached to this e-mail.</p><br><p>This is a system-generated e-mail. Please do not reply.</p>\"\r\n        }\r\n      }\r\n    }\r\n    await fs.writeFile(path.join(__dirname, \"../../app/helpers/initvars.json\"), JSON.stringify(data));\r\n  }\r\n};\r\n\r\nexport default initJSONVars;"]},"_coverageSchema":"1a1c01bbd47fc00a2c39e90264f33305004495a9","hash":"e8423bb7550e5b85e9aac80bef0ba2e52e28eaa3","contentHash":"85be35f2fd1ae2be97504a24c8924b9e9aebc6c7c2b4784079d9bc44e2f04b21"},"D:\\Users\\jammidee\\cgApps\\cgnodes\\72_Production\\laKubots\\src\\routes\\security\\security.route.ts":{"path":"D:\\Users\\jammidee\\cgApps\\cgnodes\\72_Production\\laKubots\\src\\routes\\security\\security.route.ts","statementMap":{"0":{"start":{"line":25,"column":0},"end":{"line":25,"column":62}},"1":{"start":{"line":26,"column":18},"end":{"line":26,"column":36}},"2":{"start":{"line":27,"column":27},"end":{"line":27,"column":67}},"3":{"start":{"line":28,"column":25},"end":{"line":28,"column":63}},"4":{"start":{"line":29,"column":23},"end":{"line":29,"column":64}},"5":{"start":{"line":30,"column":23},"end":{"line":30,"column":46}},"6":{"start":{"line":31,"column":0},"end":{"line":33,"column":3}},"7":{"start":{"line":32,"column":4},"end":{"line":32,"column":48}},"8":{"start":{"line":34,"column":0},"end":{"line":34,"column":70}},"9":{"start":{"line":35,"column":0},"end":{"line":35,"column":66}},"10":{"start":{"line":36,"column":0},"end":{"line":36,"column":103}},"11":{"start":{"line":37,"column":0},"end":{"line":37,"column":33}}},"fnMap":{"0":{"name":"(anonymous_0)","decl":{"start":{"line":31,"column":24},"end":{"line":31,"column":25}},"loc":{"start":{"line":31,"column":38},"end":{"line":33,"column":1}},"line":31}},"branchMap":{},"s":{"0":1,"1":1,"2":1,"3":1,"4":1,"5":1,"6":1,"7":0,"8":1,"9":1,"10":1,"11":1},"f":{"0":0},"b":{},"inputSourceMap":{"version":3,"file":"D:/Users/jammidee/cgApps/cgnodes/72_Production/laKubots/src/routes/security/security.route.ts","sources":["D:/Users/jammidee/cgApps/cgnodes/72_Production/laKubots/src/routes/security/security.route.ts"],"names":[],"mappings":";AAAA;;;;;;;;;;;;;;;;;;;;;;EAsBE;;AAEF,qCAAiC;AACjC,oEAAuE;AACvE,gEAA4D;AAC5D,iEAAmE;AAEnE,MAAM,cAAc,GAAG,IAAA,gBAAM,GAAE,CAAC;AAEhC,cAAc,CAAC,GAAG,CAAC,GAAG,EAAE,CAAC,GAAG,EAAE,GAAG,EAAE,EAAE;IACnC,GAAG,CAAC,IAAI,CAAC,EAAE,OAAO,EAAE,oBAAoB,EAAE,CAAC,CAAC;AAC9C,CAAC,CAAC,CAAC;AAEH,cAAc,CAAC,GAAG,CAAC,iBAAiB,EAAE,8BAAW,CAAE,CAAC,CAA4B,gBAAgB;AAChG,cAAc,CAAC,GAAG,CAAC,eAAe,EAAE,4BAAS,CAAE,CAAC,CAAgC,gBAAgB;AAEhG,cAAc,CAAC,GAAG,CAAC,gBAAgB,EAAE,gCAAiB,EAAE,8BAAa,CAAG,CAAC,CAAO,gBAAgB;AAIhG,kBAAe,cAAc,CAAC","sourcesContent":["/**\r\n * Copyright (C) 2023 Lalulla, Inc. All rights reserved.\r\n * Copyright (c) 2023 - Joel M. Damaso - mailto:jammi_dee@yahoo.com Manila/Philippines\r\n * This file is part of Lalulla System.\r\n * \r\n * LaKuboTs Framework is distributed under the terms of the GNU General Public License \r\n * as published by the Free Software Foundation, either version 3 of the License, or\r\n * (at your option) any later version.\r\n * \r\n * LaKuboTs System is distributed in the hope that it will be useful, but WITHOUT ANY\r\n * WARRANTY; without even the implied warranty of MERCHANTABILITY or FITNESS FOR A \r\n * PARTICULAR PURPOSE.  See the GNU Gen
[...]
urn res\r\n        .status(401)\r\n        .json({ message: \"Access denied. No token provided.\" });\r\n    }\r\n\r\n    jwt.verify(token, secret, (err: any, loggeduser: any) => {\r\n\r\n        if (err) {\r\n            return res.status(403).json({ message: \"Invalid token.\", err: err });\r\n        }\r\n\r\n        // Attach the user object to the request for use in other middleware or routes\r\n        req[\"user\"] = loggeduser;\r\n\r\n        next(); // Continue to the next middleware or route\r\n\r\n    });\r\n}\r\n\r\n//Added by Jammi Dee 09/30/2023\r\nexport function generateUserJWT(user: any) {\r\n\r\n    try {\r\n\r\n        // Generate a JWT token\r\n        const secret = process.env.JWT_SECRET || \"\";\r\n        \r\n        return jwt.sign( user, secret, {\r\n\r\n            expiresIn: process.env.TOKEN_EXPIRE || 60, // Token expiration time (adjust as needed)\r\n\r\n        });\r\n\r\n    } catch (error) {\r\n\r\n        console.log(error);\r\n\r\n    }\r\n\r\n}\r\n\r\nexport async function janusAuthentication( req: Request, res: Response, next: NextFunction) {\r\n\r\n    let token = req.header(\"Authorization\") || \"\";\r\n    token = token.replace(\"Bearer \", \"\");\r\n    if (!token) {\r\n        return res\r\n        .status(401)\r\n        .json({ message: \"Access denied. No token provided.\" });\r\n    }\r\n    let config = {\r\n        method: \"post\",\r\n        url: `${process.env.JANUS_ENDPOINT}/api/v1/private/oauth/introspect-token`,\r\n        headers: {\r\n        Authorization: `Bearer ${process.env.JANUAS_API_TOKEN}`,\r\n        },\r\n        data: {\r\n        token: token,\r\n        },\r\n    };\r\n\r\n    try {\r\n\r\n        const response = await axios(config);\r\n        console.log(response.data);\r\n\r\n        if (!response) {\r\n\r\n            return res.status(403).json({ message: \"Invalid token.\" });\r\n\r\n        }\r\n        if (!response.data.valid) {\r\n\r\n            return res.status(403).json({ message: \"Invalid token.\" });\r\n\r\n        }\r\n\r\n        console.log(req.originalUrl, req.path, \"route\");\r\n        req.client_id = response.data.client_user_token.client_user.client_id;\r\n\r\n        // check if client id is in req body or req query\r\n        if (!req.query[\"client_id\"] && !req.body[\"client_id\"])\r\n\r\n            return res.status(403).json({ message: \"Client id is required\"})\r\n        \r\n        if (req.query[\"client_id\"] && req.query[\"client_id\"] !== req.client_id) {\r\n\r\n            return res.status(403).json({ message: \"Invalid client id\" });\r\n\r\n        }\r\n\r\n        if (req.body[\"client_id\"] && req.body[\"client_id\"] !== req.client_id) {\r\n\r\n            return res.status(403).json({ message: \"Invalid client id\" });\r\n\r\n        }\r\n\r\n        next();\r\n\r\n    } catch (error) {\r\n\r\n        if (error instanceof AxiosError && error.response?.data?.status === 401) {\r\n\r\n            return res.status(401).json({ message: \"Unauthorized access token.\" });\r\n\r\n        ;}\r\n\r\n        console.log(error);\r\n        throw error;\r\n\r\n    }\r\n}"]},"_coverageSchema":"1a1c01bbd47fc00a2c39e90264f33305004495a9","hash":"6dbba858803f7933fb70fe13938402c3e6d3c2db","contentHash":"902e9681ad32f421f59cad77cbf6b4c6af101dc3969d4473fb37bb02d218adbf"},"D:\\Users\\jammidee\\cgApps\\cgnodes\\72_Production\\laKubots\\src\\routes\\security\\controller\\validate-token.ts":{"path":"D:\\Users\\jammidee\\cgApps\\cgnodes\\72_Production\\laKubots\\src\\routes\\security\\controller\\validate-token.ts","statementMap":{"0":{"start":{"line":25,"column":0},"end":{"line":25,"column":62}},"1":{"start":{"line":26,"column":0},"end":{"line":26,"column":31}},"2":{"start":{"line":27,"column":22},"end":{"line":30,"column":1}},"3":{"start":{"line":29,"column":4},"end":{"line":29,"column":76}},"4":{"start":{"line":31,"column":0},"end":{"line":31,"column":38}}},"fnMap":{"0":{"name":"(anonymous_0)","decl":{"start":{"line":27,"column":22},"end":{"line":27,"column":23}},"loc":{"start":{"line":27,"column":42},"end":{"line":30,"column":1}},"line":27}},"branchMap":{},"s":{"0":1,"1":1,"2":1,"3":2,"4":1},"f":{"0":2},"b":{},"inputSourceMap":{"version":3,"file":"D:/Users/jammidee/cgApps/cgnodes/72_Production/laKubots/src/routes/security/controller/validate-token.ts","sources":["D:/Users/jammidee/cgApps/cgnodes/72_Production/laKubots/src/routes/security/controller/validate-token.ts"],"names":[],"mappings":";AAAA;;;;;;;;;;;;;;;;;;;;;;EAsBE;;;AAIK,MAAM,aAAa,GAAmB,KAAK,EAAE,GAAG,EAAE,GAAG,EAAE,EAAE;IAE5D,2BAA2B;IAE3B,OAAO,GAAG,CAAC,MAAM,CAAC,GAAG,CAAC,CAAC,IAAI,CAAC,EAAE,MAAM,EAAE,GAAG,EAAG,OAAO,EAAE,gBAAgB,EAAE,CAAC,CAAC;AAE7E,CAAC,CAAC;AANW,QAAA,aAAa,iBAMxB","sourcesContent":["/**\r\n * Copyright (C) 2023 Lalulla, Inc. All rights reserved.\r\n * Copyright (c) 2023 - Joel M. Damaso - mailto:jammi_dee@yahoo.com Manila/Philippines\r\n * This file is part of Lalulla System.\r\n * \r\n * LaKuboTs Framework is distributed under the terms of the GNU General Public License \r\n * as published by the Free Software Foundation, either version 3 of the License, or\r\n * (at your option) any later version.\r\n * \r\n * LaKuboTs System is distributed in the hope that it will be useful, but WITHOUT ANY\r\n * WARRANTY; without even the implied warranty of MERCHANTABILITY or FITNESS FOR A \r\n * PARTICULAR PURPOSE.  See the GNU General Public License for more details.\r\n * \r\n * You should have received a copy of the GNU General Public License\r\n * along with Lalulla System.  If not, see <http://www.gnu.org/licenses/>.\r\n * \r\n * Framework Designed by: Jammi Dee (jammi_dee@yahoo.com)\r\n *\r\n * File Create Date: 09/28/2023 01:39pm\r\n * Created by: Jammi Dee\r\n * Modified by: Jammi Dee\r\n *\r\n*/\r\n\r\nimport { RequestHandler } from \"express\";\r\n\r\nexport const validateToken: RequestHandler = async (req, res) => {\r\n\r\n    //console.log(req[\"user\"]);\r\n\r\n    return res.status(200).json({ status: 200 , message: \"Valid token!!!\" });\r\n\r\n};\r\n"]},"_coverageSchema":"1a1c01bbd47fc00a2c39e90264f33305004495a9","hash":"c51747d5acf7cc5561975d34ada9f43721a8846b","contentHash":"2bd2841625d44f41e90b5ed56bf3230d6aed7aaf73f1cc938d36ff6ee611a9b8"},"D:\\Users\\jammidee\\cgApps\\cgnodes\\72_Production\\laKubots\\src\\routes\\user\\user.route.ts":{"path":"D:\\Users\\jammidee\\cgApps\\cgnodes\\72_Production\\laKubots\\src\\routes\\user\\user.route.ts","statementMap":{"0":{"start":{"line":25,"column":0},"end":{"line":25,"column":62}},"1":{"start":{"line":26,"column":18},"end":{"line":26,"column":36}},"2":{"start":{"line":27,"column":19},"end":{"line":27,"column":42}},"3":{"start":{"line":31,"column":0},"end":{"line":31,"column":31}},"4":{"start":{"line":33,"column":0},"end":{"line":37,"column":3}},"5":{"start":{"line":34,"column":4},"end":{"line":34,"column":50}},"6":{"start":{"line":38,"column":0},"end":{"line":38,"column":29}}},"fnMap":{"0":{"name":"(anonymous_0)","decl":{"start":{"line":31,"column":20},"end":{"line":31,"column":21}},"loc":{"start":{"line":31,"column":26},"end":{"line":31,"column":29}},"line":31},"1":{"name":"(anonymous_1)","decl":{"start":{"line":33,"column":20},"end":{"line":33,"column":21}},"loc":{"start":{"line":33,"column":34},"end":{"line":37,"column":1}},"line":33}},"branchMap":{},"s":{"0":1,"1":1,"2":1,"3":1,"4":1,"5":0,"6":1},"f":{"0":0,"1":0},"b":{},"inputSourceMap":{"version":3,"file":"D:/Users/jammidee/cgApps/cgnodes/72_Production/laKubots/src/routes/user/user.route.ts","sources":["D:/Users/jammidee/cgApps/cgnodes/72_Production/laKubots/src/routes/user/user.route.ts"],"names":[],"mappings":";AAAA;;;;;;;;;;;;;;;;;;;;;;EAsBE;;AAEF,qCAAoD;AAGpD,MAAM,UAAU,GAAG,IAAA,gBAAM,GAAE,CAAC;AAE5B,SAAS;AACT,QAAQ;AACR,SAAS;AACT,UAAU,CAAC,GAAG,CAAC,GAAG,EAAE,GAAG,EAAE,GAAE,CAAC,CAAC,CAAC,CAA4B,gBAAgB;AAE1E,uCAAuC;AACvC,UAAU,CAAC,GAAG,CAAC,GAAG,EAAE,CAAC,GAAY,EAAE,GAAa,EAAE,EAAE;IAEnD,GAAG,CAAC,MAAM,CAAC,WAAW,EAAE,EAAE,QAAQ,EAAE,MAAM,EAAE,CAAC,CAAC;IAC9C,+EAA+E;IAC/E,yBAAyB;AAE1B,CAAC,CAAC,CAAC;AACH,kBAAe,UAAU,CAAC","sourcesContent":["/**\r\n * Copyright (C) 2023 Lalulla, Inc. All rights reserved.\r\n * Copyright (c) 2023 - Joel M. Damaso - mailto:jammi_dee@yahoo.com Manila/Philippines\r\n * This file is part of Lalulla System.\r\n * \r\n * LaKuboTs Framework is distributed under the terms of the GNU General Public License \r\n * as published by the Free Software Foundation, either version 3 of the License, or\r\n * (at your option) any later version.\r\n * \r\n * LaKuboTs System is distributed in the hope that it will be useful, but WITHOUT ANY\r\n * WARRANTY; without even the implied warranty of MERCHANTABILITY or FITNESS FOR A \r\n * PARTICULAR PURPOSE.  See the GNU General Public License for more details.\r\n * \r\n * You should have received a copy of the GNU General Public License\r\n * along with Cloud Gate System.  If not, see <http://www.gnu.org/licenses/>.\r\n * \r\n * Framework Designed by: Jammi Dee (jammi_dee@yahoo.com)\r\n *\r\n * File Create Date: 09/11/2023\r\n * Created by: Jammi Dee\r\n * Modified by: Jammi Dee\r\n *\r\n*/\r\n\r\nimport { Router, Request, Response } from 'express';\r\nimport path from 'path';\r\n\r\nconst UserRoutes = Router();\r\n\r\n//=======\r\n// CRUDS\r\n//=======\r\nUserRoutes.use(\"/\", () => {});                            //JMD 09/28/2023\r\n\r\n// Define your user-related routes here\r\nUserRoutes.get('/', (req: Request, res: Response) => {\r\n\t\r\n\tres.render('user/user', { username: 'John' });\r\n\t//const filePath = path.join(__dirname, '../..', 'views', 'user', 'user.html');\r\n\t//res.sendFile(filePath);\r\n\r\n});\r\nexport default UserRoutes;"]},"_coverageSchema":"1a1c01bbd47fc00a2c39e90264f33305004495a9","hash":"8c3fcad7fccdc03d3605aa879bd59070af1297d8","contentHash":"10d5d31e041fa7d863ff90b5a41e90f94e697b746234e9e78655b78349df102a"},"D:\\Users\\jammidee\\cgApps\\cgnodes\\72_Production\\laKubots\\src\\routes\\lookup\\lookup.route.ts":{"path":"D:\\Users\\jammidee\\cgApps\\cgnodes\\72_Production\\laKubots\\src\\routes\\lookup\\lookup.route.ts","statementMap":{"0":{"start":{"line":24,"column":0},"end":{"line":24,"column":62}},"1":{"start":{"line":25,"column":18},"end":{"line":25,"column":36}},"2":{"start":{"line":26,"column":23},"end":{"line":26,"column":64}},"3":{"start":{"line":27,"column":21},"end":{"line":27,"column":44}},"4":{"start":{"line":28,"column":21},"end":{"line":28,"column":44}},"5":{"start":{"line":35,"column":0},"end":{"line":35,"column":81}},"6":{"start":{"line":36,"column":0},"end":{"line":36,"column":78}},"7":{"start":{"line":37,"column":0},"end":{"line":37,"column":80}},"8":{"start":{"line":38,"column":0},"end":{"line":38,"column":83}},"9":{"start":{"line":39,"column":0},"end":{"line":39,"column":31}}},"fnMap":{},"branchMap":{},"s":{"0":1,"1":1,"2":1,"3":1,"4":1,"5":1,"6":1,"7":1,"8":1,"9":1},"f":{},"b":{},"inputSourceMap":{"version":3,"file":"D:/Users/jammidee/cgApps/cgnodes/72_Production/laKubots/src/routes/lookup/lookup.route.ts","sources":["D:/Users/jammidee/cgApps/cgnodes/72_Production/laKubots/src/routes/lookup/lookup.route.ts"],"names":[],"mappings":";AAAA;;;;;;;;;;;;;;;;;;;;;EAqBE;;AAEF,qCAAoD;AAEpD,iEAAmE;AACnE,6CAAwE;AAExE,MAAM,YAAY,GAAG,IAAA,gBAAM,GAAE,CAAC;AAE9B,0BAA0B;AAC1B,yBAAyB;AACzB,0BAA0B;AAC1B,uCAAuC;AACvC,gDAAgD;AAChD,KAAK;AAEL,YAAY,CAAC,IAAI,CAAC,GAAG,EAAE,gCAAiB,EAAE,sBAAS,CAAG,CAAC;AACvD,YAAY,CAAC,GAAG,CAAC,GAAG,EAAE,gCAAiB,EAAE,oBAAO,CAAG,CAAC;AACpD,YAAY,CAAC,GAAG,CAAC,GAAG,EAAE,gCAAiB,EAAE,sBAAS,CAAG,CAAC;AACtD,YAAY,CAAC,MAAM,CAAC,GAAG,EAAE,gCAAiB,EAAE,sBAAS,CAAG,CAAC;AAGzD,kBAAe,YAAY,CAAC","sourcesContent":["/**\r\n * Copyright (C) 2023 Lalulla, Inc. All rights reserved.\r\n * Copyright (c) 2023 - Joel M. Damaso - mailto:jammi_dee@yahoo.com Manila/Philippines\r\n * This file is part of Lalulla System.\r\n * \r\n * LaKuboTs Framework is distributed under the terms of the GNU General Public License \r\n * as published by the Free Software Foundation, either version 3 of the License, or\r\n * (at your option) any later version.\r\n * \r\n * LaKuboTs System is distributed in the hope that it will be useful, but WITHOUT ANY\r\n * WARRANTY; without even the implied warranty of MERCHANTABILITY or FITNESS FOR A \r\n * PARTICULAR PURPOSE.  See the GNU General Public License for more details.\r\n * \r\n * You should have received a copy of the GNU General Public License\r\n * along with Cloud Gate System.  If not, see <http://www.gnu.org/licenses/>.\r\n * \r\n * Framework Designed by: Jammi Dee (jammi_dee@yahoo.com)\r\n *\r\n * File Create Date: 10/05/2023 06:35pm\r\n * Created by: Jammi Dee\r\n * Modified by: Jammi Dee\r\n*/\r\n\r\nimport { Router, Request, Response } from 'express';\r\nimport path from 'path';\r\nimport { authenticateToken } from '../../app/helpers/jwt-generate';\r\nimport { modCreate, modRead, modUpdate, modDelete } from './controller';\r\n\r\nconst LookupRoutes = Router();\r\n\r\n//========================\r\n// CRUDS - /api/v1/lookup\r\n//========================\r\n//LookupRoutes.use(\"/\", (req, res) => {\r\n//    res.json({ message: \"Lookup Route API\" });\r\n//});\r\n\r\nLookupRoutes.post(\"/\", authenticateToken, modCreate  );\r\nLookupRoutes.get(\"/\", authenticateToken, modRead  );\r\nLookupRoutes.put(\"/\", authenticateToken, modUpdate  );\r\nLookupRoutes.delete(\"/\", authenticateToken, modDelete  );\r\n\r\n\r\nexport default LookupRoutes;"]},"_coverageSchema":"1a1c01bbd47fc00a2c39e90264f33305004495a9","hash":"c4874bdc2847a4f5d68d9c7f687f18af41cf8576","contentHash":"441f482978bfed10413ea0a5d7899775a1c627ab8c134e5a1cd4acfd57f0be35"},"D:\\Users\\jammidee\\cgApps\\cgnodes\\72_Production\\laKubots\\src\\routes\\lookup\\controller\\index.ts":{"path":"D:\\Users\\jammidee\\cgApps\\cgnodes\\72_Production\\laKubots\\src\\routes\\lookup\\controller\\index.ts","statementMap":{"0":{"start":{"line":25,"column":0},"end":{"line":25,"column":62}},"1":{"start":{"line":26,"column":0},"end":{"line":26,"column":85}},"2":{"start":{"line":27,"column":18},"end":{"line":29,"column":1}},"3":{"start":{"line":28,"column":4},"end":{"line":28,"column":71}},"4":{"start":{"line":30,"column":0},"end":{"line":30,"column":30}},"5":{"start":{"line":31,"column":16},"end":{"line":33,"column":1}},"6":{"start":{"line":32,"column":4},"end":{"line":32,"column":69}},"7":{"start":{"line":34,"column":0},"end":{"line":34,"column":26}},"8":{"start":{"line":35,"column":18},"end":{"line":37,"column":1}},"9":{"start":{"line":36,"column":4},"end":{"line":36,"column":71}},"10":{"start":{"line":38,"column":0},"end":{"line":38,"column":30}},"11":{"start":{"line":39,"column":18},"end":{"line":41,"column":1}},"12":{"start":{"line":40,"column":4},"end":{"line":40,"column":71}},"13":{"start":{"line":42,"column":0},"end":{"line":42,"column":30}}},"fnMap":{"0":{"name":"(anonymous_0)","decl":{"start":{"line":27,"column":18},"end":{"line":27,"column":19}},"loc":{"start":{"line":27,"column":38},"end":{"line":29,"column":1}},"line":27},"1":{"name":"(anonymous_1)","decl":{"start":{"line":31,"column":16},"end":{"line":31,"column":17}},"loc":{"start":{"line":31,"column":36},"end":{"line":33,"column":1}},"line":31},"2":{"name":"(anonymous_2)","decl":{"start":{"line":35,"column":18},"end":{"line":35,"column":19}},"loc":{"start":{"line":35,"column":38},"end":{"line":37,"column":1}},"line":35},"3":{"name":"(anonymous_3)","decl":{"start":{"line":39,"column":18},"end":{"line":39,"column":19}},"loc":{"start":{"line":39,"column":38},"end":{"line":41,"column":1}},"line":39}},"branchMap":{},"s":{"0":1,"1":1,"2":1,"3":0,"4":1,"5":1,"6":0,"7":1,"8":1,"9":0,"10":1,"11":1,"12":0,"13":1},"f":{"0":0,"1":0,"2":0,"3":0},"b":{},"inputSourceMap":{"version":3,"file":"D:/Users/jammidee/cgApps/cgnodes/72_Production/laKubots/src/routes/lookup/controller/index.ts","sources":["D:/Users/jammidee/cgApps/cgnodes/72_Production/laKubots/src/routes/lookup/controller/index.ts"],"names":[],"mappings":";AAAA;;;;;;;;;;;;;;;;;;;;;;EAsBE;;;AAIK,MAAM,SAAS,GAAmB,KAAK,EAAE,GAAG,EAAE,GAAG,EAAE,EAAE;IAExD,OAAO,GAAG,CAAC,MAAM,CAAC,GAAG,CAAC,CAAC,IAAI,CAAC,EAAE,MAAM,EAAE,GAAG,EAAG,OAAO,EAAE,WAAW,EAAE,CAAC,CAAC;AAExE,CAAC,CAAC;AAJW,QAAA,SAAS,aAIpB;AAEK,MAAM,OAAO,GAAmB,KAAK,EAAE,GAAG,EAAE,GAAG,EAAE,EAAE;IAEtD,OAAO,GAAG,CAAC,MAAM,CAAC,GAAG,CAAC,CAAC,IAAI,CAAC,EAAE,MAAM,EAAE,GAAG,EAAG,OAAO,EAAE,SAAS,EAAE,CAAC,CAAC;AAEtE,CAAC,CAAC;AAJW,QAAA,OAAO,WAIlB;AAEK,MAAM,SAAS,GAAmB,KAAK,EAAE,GAAG,EAAE,GAAG,EAAE,EAAE;IAExD,OAAO,GAAG,CAAC,MAAM,CAAC,GAAG,CAAC,CAAC,IAAI,CAAC,EAAE,MAAM,EAAE,GAAG,EAAG,OAAO,EAAE,WAAW,EAAE,CAAC,CAAC;AAExE,CAAC,CAAC;AAJW,QAAA,SAAS,aAIpB;AAEK,MAAM,SAAS,GAAmB,KAAK,EAAE,GAAG,EAAE,GAAG,EAAE,EAAE;IAExD,OAAO,GAAG,CAAC,MAAM,CAAC,GAAG,CAAC,CAAC,IAAI,CAAC,EAAE,MAAM,EAAE,GAAG,EAAG,OAAO,EAAE,WAAW,EAAE,CAAC,CAAC;AAExE,CAAC,CAAC;AAJW,QAAA,SAAS,aAIpB","sourcesContent":["/**\r\n * Copyright (C) 2023 Lalulla, Inc. All rights reserved.\r\n * Copyright (c) 2023 - Joel M. Damaso - mailto:jammi_dee@yahoo.com Manila/Philippines\r\n * This file is part of Lalulla System.\r\n * \r\n * LaKuboTs Framework is distributed under the terms of the GNU General Public License \r\n * as published by the Free Software Foundation, either version 3 of the License, or\r\n * (at your option) any later version.\r\n * \r\n * LaKuboTs System is distributed in the hope that it will be useful, but WITHOUT ANY\r\n * WARRANTY; without even the implied warranty of MERCHANTABILITY or FITNESS FOR A \r\n * PARTICULAR PURPOSE.  See the GNU General Public License for more details.\r\n * \r\n * You should have received a copy of the GNU General Public License\r\n * along with Lalulla System.  If not, see <http://www.gnu.org/licenses/>.\r\n * \r\n * Framework Designed by: Jammi Dee (jammi_dee@yahoo.com)\r\n *\r\n * File Create Date: 10/05/2023 06:55pm\r\n * Created by: Jammi Dee\r\n * Modified by: Jammi Dee\r\n *\r\n*/\r\n\r\nimport { RequestHandler } from \"express\";\r\n\r\nexport const modCreate: RequestHandler = async (req, res) => {\r\n\r\n    return res.status(200).json({ status: 200 , message: \"Create!!!\" });\r\n\r\n};\r\n\r\nexport const modRead: RequestHandler = async (req, res) => {\r\n\r\n    return res.status(200).json({ status: 200 , message: \"Read!!!\" });\r\n\r\n};\r\n\r\nexport const modUpdate: RequestHandler = async (req, res) => {\r\n\r\n    return res.status(200).json({ status: 200 , message: \"Update!!!\" });\r\n\r\n};\r\n\r\nexport const modDelete: RequestHandler = async (req, res) => {\r\n\r\n    return res.status(200).json({ status: 200 , message: \"Delete!!!\" });\r\n\r\n};"]},"_coverageSchema":"1a1c01bbd47fc00a2c39e90264f33305004495a9","hash":"9b0be20991adff48a7ccbc4ab4115088bdc27bf2","contentHash":"87d4464ca08f00f7dfa80eb863035f7a85d7a833a58afdc270b7cfa7698dcd02"},"D:\\Users\\jammidee\\cgApps\\cgnodes\\72_Production\\laKubots\\src\\test\\math.ts":{"path":"D:\\Users\\jammidee\\cgApps\\cgnodes\\72_Production\\laKubots\\src\\test\\math.ts","statementMap":{"0":{"start":{"line":2,"column":0},"end":{"line":2,"column":62}},"1":{"start":{"line":3,"column":0},"end":{"line":3,"column":21}},"2":{"start":{"line":5,"column":4},"end":{"line":5,"column":17}},"3":{"start":{"line":7,"column":0},"end":{"line":7,"column":18}}},"fnMap":{"0":{"name":"add","decl":{"start":{"line":4,"column":9},"end":{"line":4,"column":12}},"loc":{"start":{"line":4,"column":19},"end":{"line":6,"column":1}},"line":4}},"branchMap":{},"s":{"0":1,"1":1,"2":2,"3":1},"f":{"0":2},"b":{},"inputSourceMap":{"version":3,"file":"D:/Users/jammidee/cgApps/cgnodes/72_Production/laKubots/src/test/math.ts","sources":["D:/Users/jammidee/cgApps/cgnodes/72_Production/laKubots/src/test/math.ts"],"names":[],"mappings":";;;AAAA,SAAgB,GAAG,CAAC,CAAS,EAAE,CAAS;IACpC,OAAO,CAAC,GAAG,CAAC,CAAC;AACjB,CAAC;AAFD,kBAEC","sourcesContent":["export function add(a: number, b: number): number {\r\n    return a + b;\r\n}"]},"_coverageSchema":"1a1c01bbd47fc00a2c39e90264f33305004495a9","hash":"74d3ce74ed54ae2d941ffbd198ab643f3a09b945","contentHash":"78634ab119dc5a978bc38ea251c5e23c53894c9e5632bed8621ea9945c01cdf0"}}